#
# There is insufficient memory for the Java Runtime Environment to continue.
# Native memory allocation (malloc) failed to allocate 32744 bytes for ChunkPool::allocate
# Possible reasons:
#   The system is out of physical RAM or swap space
#   The process is running with CompressedOops enabled, and the Java Heap may be blocking the growth of the native heap
# Possible solutions:
#   Reduce memory load on the system
#   Increase physical memory or swap space
#   Check if swap backing store is full
#   Decrease Java heap size (-Xmx/-Xms)
#   Decrease number of Java threads
#   Decrease Java thread stack sizes (-Xss)
#   Set larger code cache with -XX:ReservedCodeCacheSize=
#   JVM is running with Zero Based Compressed Oops mode in which the Java heap is
#     placed in the first 32GB address space. The Java Heap base address is the
#     maximum limit for the native heap growth. Please use -XX:HeapBaseMinAddress
#     to set the Java Heap base and to place the Java Heap above 32GB virtual address.
# This output file may be truncated or incomplete.
#
#  Out of Memory Error (allocation.cpp:272), pid=50572, tid=0x00000000000083a0
#
# JRE version: OpenJDK Runtime Environment (8.0_392-b08) (build 1.8.0_392-b08)
# Java VM: OpenJDK 64-Bit Server VM (25.392-b08 mixed mode windows-amd64 compressed oops)
# Failed to write core dump. Minidumps are not enabled by default on client versions of Windows
#

---------------  T H R E A D  ---------------

Current thread (0x000002aca3393800):  VMThread [stack: 0x000000c38c600000,0x000000c38c700000] [id=33696]

Stack: [0x000000c38c600000,0x000000c38c700000]
[error occurred during error reporting (printing stack bounds), id 0xc0000005]

Native frames: (J=compiled Java code, j=interpreted, Vv=VM code, C=native code)

VM_Operation (0x000000c390afdea0): BulkRevokeBias, mode: safepoint, requested by thread 0x000002acc8b5c800


---------------  P R O C E S S  ---------------

Java Threads: ( => current thread )
  0x000002accf984000 JavaThread "Keep-Alive-Timer" daemon [_thread_blocked, id=47048, stack(0x000000c38e900000,0x000000c38ea00000)]
  0x000002accf984800 JavaThread "com.alibaba.nacos.client.Worker.longPolling.fixed-47.99.142.201_8848-d17699a3-303b-4e59-a951-1acca6dec703" daemon [_thread_blocked, id=50424, stack(0x000000c390300000,0x000000c390400000)]
  0x000002accf985800 JavaThread "logback-5" daemon [_thread_blocked, id=48040, stack(0x000000c38f200000,0x000000c38f300000)]
  0x000002accf978000 JavaThread "com.alibaba.nacos.client.Worker.longPolling.fixed-47.99.142.201_8848-d17699a3-303b-4e59-a951-1acca6dec703" daemon [_thread_blocked, id=41536, stack(0x000000c390200000,0x000000c390300000)]
  0x000002accf97b000 JavaThread "logback-4" daemon [_thread_blocked, id=57148, stack(0x000000c38bb00000,0x000000c38bc00000)]
  0x000002accf97f000 JavaThread "com.alibaba.nacos.client.Worker.longPolling.fixed-47.99.142.201_8848-d17699a3-303b-4e59-a951-1acca6dec703" daemon [_thread_blocked, id=53696, stack(0x000000c391700000,0x000000c391800000)]
  0x000002acc8e08000 JavaThread "logback-3" daemon [_thread_blocked, id=8204, stack(0x000000c391600000,0x000000c391700000)]
  0x000002acc8e08800 JavaThread "xrebel-Thread-109" daemon [_thread_blocked, id=52160, stack(0x000000c391500000,0x000000c391600000)]
  0x000002acc8e00000 JavaThread "xrebel-Thread-108" daemon [_thread_blocked, id=52100, stack(0x000000c391400000,0x000000c391500000)]
  0x000002acc8e07000 JavaThread "xrebel-Thread-107" daemon [_thread_blocked, id=7208, stack(0x000000c391300000,0x000000c391400000)]
  0x000002acc8dff800 JavaThread "xrebel-Thread-106" daemon [_thread_blocked, id=57352, stack(0x000000c391200000,0x000000c391300000)]
  0x000002acc8e06800 JavaThread "xrebel-Thread-105" daemon [_thread_blocked, id=7312, stack(0x000000c391100000,0x000000c391200000)]
  0x000002acc8e03000 JavaThread "Thread-104" daemon [_thread_in_native, id=48220, stack(0x000000c391000000,0x000000c391100000)]
  0x000002acc8dfc000 JavaThread "xrebel-error-reporter" daemon [_thread_blocked, id=52028, stack(0x000000c390f00000,0x000000c391000000)]
  0x000002acc875d800 JavaThread "com.alibaba.nacos.client.Worker.longPolling.fixed-47.99.142.201_8848-d17699a3-303b-4e59-a951-1acca6dec703" daemon [_thread_blocked, id=46500, stack(0x000000c390e00000,0x000000c390f00000)]
  0x000002acc8b5f800 JavaThread "reactor-http-nio-8" daemon [_thread_blocked, id=51728, stack(0x000000c390d00000,0x000000c390e00000)]
  0x000002acc8b5f000 JavaThread "reactor-http-nio-7" daemon [_thread_in_native, id=55272, stack(0x000000c390c00000,0x000000c390d00000)]
  0x000002acc8b5e000 JavaThread "reactor-http-nio-6" daemon [_thread_blocked, id=49740, stack(0x000000c390b00000,0x000000c390c00000)]
  0x000002acc8b5c800 JavaThread "reactor-http-nio-5" daemon [_thread_blocked, id=55200, stack(0x000000c390a00000,0x000000c390b00000)]
  0x000002acc8b5d000 JavaThread "reactor-http-nio-4" daemon [_thread_in_native, id=11048, stack(0x000000c390900000,0x000000c390a00000)]
  0x000002acc8b5b800 JavaThread "reactor-http-nio-3" daemon [_thread_in_native, id=40224, stack(0x000000c390800000,0x000000c390900000)]
  0x000002acc8b5b000 JavaThread "reactor-http-nio-2" daemon [_thread_blocked, id=56496, stack(0x000000c390700000,0x000000c390800000)]
  0x000002acc8b58800 JavaThread "logback-2" daemon [_thread_blocked, id=57192, stack(0x000000c390600000,0x000000c390700000)]
  0x000002acc8b59800 JavaThread "com.alibaba.nacos.naming.beat.sender" daemon [_thread_blocked, id=54656, stack(0x000000c390500000,0x000000c390600000)]
  0x000002acc8b54000 JavaThread "com.alibaba.nacos.naming.beat.sender" daemon [_thread_blocked, id=49812, stack(0x000000c390400000,0x000000c390500000)]
  0x000002acc8b50800 JavaThread "com.alibaba.nacos.client.Worker.longPolling.fixed-47.99.142.201_8848-d17699a3-303b-4e59-a951-1acca6dec703" daemon [_thread_in_native, id=11268, stack(0x000000c390100000,0x000000c390200000)]
  0x000002acc8b57800 JavaThread "com.alibaba.nacos.client.Worker.longPolling.fixed-47.99.142.201_8848-d17699a3-303b-4e59-a951-1acca6dec703" daemon [_thread_blocked, id=52880, stack(0x000000c390000000,0x000000c390100000)]
  0x000002acc8b54800 JavaThread "DestroyJavaVM" [_thread_blocked, id=48224, stack(0x000000c38bd00000,0x000000c38be00000)]
  0x000002acc8b57000 JavaThread "com.alibaba.nacos.naming.beat.sender" daemon [_thread_blocked, id=53732, stack(0x000000c38bc00000,0x000000c38bd00000)]
  0x000002acc875d000 JavaThread "com.alibaba.nacos.naming.beat.sender" daemon [_thread_blocked, id=25556, stack(0x000000c38ba00000,0x000000c38bb00000)]
  0x000002acc875b000 JavaThread "server" [_thread_blocked, id=54000, stack(0x000000c38ff00000,0x000000c390000000)]
  0x000002acc875e800 JavaThread "reactor-http-nio-1" daemon [_thread_blocked, id=46716, stack(0x000000c38fe00000,0x000000c38ff00000)]
  0x000002acc8750800 JavaThread "ThreadPoolTaskScheduler-1" [_thread_blocked, id=6008, stack(0x000000c38fd00000,0x000000c38fe00000)]
  0x000002acc874f800 JavaThread "com.alibaba.nacos.naming.push.receiver" daemon [_thread_in_native, id=51312, stack(0x000000c38fc00000,0x000000c38fd00000)]
  0x000002acc8751000 JavaThread "com.alibaba.nacos.naming.failover" daemon [_thread_blocked, id=7072, stack(0x000000c38fb00000,0x000000c38fc00000)]
  0x000002acc8752800 JavaThread "com.alibaba.nacos.naming.client.listener" daemon [_thread_blocked, id=56284, stack(0x000000c38fa00000,0x000000c38fb00000)]
  0x000002acc6f43000 JavaThread "spring.cloud.inetutils" daemon [_thread_blocked, id=10256, stack(0x000000c38f800000,0x000000c38f900000)]
  0x000002acc6f49800 JavaThread "boundedElastic-evictor-1" daemon [_thread_blocked, id=48780, stack(0x000000c38f900000,0x000000c38fa00000)]
  0x000002acc6f48800 JavaThread "com.alibaba.nacos.client.Worker.fixed-47.99.142.201_8848-d17699a3-303b-4e59-a951-1acca6dec703" daemon [_thread_blocked, id=58352, stack(0x000000c38f700000,0x000000c38f800000)]
  0x000002acc6f41000 JavaThread "Timer-0" daemon [_thread_blocked, id=18320, stack(0x000000c38f600000,0x000000c38f700000)]
  0x000002acc34fe000 JavaThread "logback-1" daemon [_thread_blocked, id=44012, stack(0x000000c38f500000,0x000000c38f600000)]
  0x000002acc3501000 JavaThread "RMI Scheduler(0)" daemon [_thread_blocked, id=11960, stack(0x000000c38f400000,0x000000c38f500000)]
  0x000002acc34fd000 JavaThread "RMI TCP Accept-0" daemon [_thread_in_native, id=54860, stack(0x000000c38f000000,0x000000c38f100000)]
  0x000002acc3500800 JavaThread "Service Thread" daemon [_thread_blocked, id=52252, stack(0x000000c38ef00000,0x000000c38f000000)]
  0x000002acc351b800 JavaThread "C1 CompilerThread3" daemon [_thread_blocked, id=51876, stack(0x000000c38ee00000,0x000000c38ef00000)]
  0x000002acc3520800 JavaThread "C2 CompilerThread2" daemon [_thread_blocked, id=25024, stack(0x000000c38ed00000,0x000000c38ee00000)]
  0x000002acc3511800 JavaThread "C2 CompilerThread1" daemon [_thread_blocked, id=55280, stack(0x000000c38ec00000,0x000000c38ed00000)]
  0x000002acc3520000 JavaThread "C2 CompilerThread0" daemon [_thread_blocked, id=52872, stack(0x000000c38eb00000,0x000000c38ec00000)]
  0x000002acc34f7800 JavaThread "Monitor Ctrl-Break" daemon [_thread_in_native, id=10808, stack(0x000000c38ea00000,0x000000c38eb00000)]
  0x000002acc34f8800 JavaThread "xrebel-Thread-16" daemon [_thread_blocked, id=55404, stack(0x000000c38e800000,0x000000c38e900000)]
  0x000002acc34fa000 JavaThread "xrebel-Thread-15" daemon [_thread_blocked, id=10820, stack(0x000000c38e700000,0x000000c38e800000)]
  0x000002acc34fb800 JavaThread "xrebel-Thread-14" daemon [_thread_blocked, id=46752, stack(0x000000c38e600000,0x000000c38e700000)]
  0x000002acc34f9000 JavaThread "xrebel-Thread-13" daemon [_thread_blocked, id=55832, stack(0x000000c38e500000,0x000000c38e600000)]
  0x000002acc06a5000 JavaThread "xrebel-Thread-12" daemon [_thread_blocked, id=53480, stack(0x000000c38e400000,0x000000c38e500000)]
  0x000002acc069f000 JavaThread "xrebel-Thread-11" daemon [_thread_blocked, id=38768, stack(0x000000c38e300000,0x000000c38e400000)]
  0x000002acc06a2800 JavaThread "xrebel-Thread-10" daemon [_thread_blocked, id=56392, stack(0x000000c38e200000,0x000000c38e300000)]
  0x000002acc06a3800 JavaThread "xrebel-Thread-9" daemon [_thread_blocked, id=53492, stack(0x000000c38e100000,0x000000c38e200000)]
  0x000002acc06a2000 JavaThread "xrebel-Thread-8" daemon [_thread_blocked, id=51520, stack(0x000000c38e000000,0x000000c38e100000)]
  0x000002acc06a4800 JavaThread "xrebel-Thread-7" daemon [_thread_blocked, id=47544, stack(0x000000c38df00000,0x000000c38e000000)]
  0x000002acc06a6000 JavaThread "xrebel-Thread-6" daemon [_thread_blocked, id=38940, stack(0x000000c38de00000,0x000000c38df00000)]
  0x000002acc06a0800 JavaThread "xrebel-Thread-5" daemon [_thread_blocked, id=42868, stack(0x000000c38dd00000,0x000000c38de00000)]
  0x000002acc069e000 JavaThread "BusyLoopTime" daemon [_thread_blocked, id=55732, stack(0x000000c38cf00000,0x000000c38d000000)]
  0x000002acc069f800 JavaThread "rebel-logger" daemon [_thread_blocked, id=48680, stack(0x000000c38dc00000,0x000000c38dd00000)]
  0x000002acc069c800 JavaThread "rebel-build-info" daemon [_thread_in_native, id=51012, stack(0x000000c38da00000,0x000000c38db00000)]
  0x000002acc06a1000 JavaThread "rebel-change-detector-thread" daemon [_thread_blocked, id=52972, stack(0x000000c38d900000,0x000000c38da00000)]
  0x000002acc0699800 JavaThread "rebel-debugger-thread" daemon [_thread_blocked, id=54088, stack(0x000000c38d800000,0x000000c38d900000)]
  0x000002acc069d000 JavaThread "rebel-debugger-attach-notifier" daemon [_thread_blocked, id=49984, stack(0x000000c38d200000,0x000000c38d300000)]
  0x000002acc069a000 JavaThread "rebel-heartbeat-thread" daemon [_thread_blocked, id=41640, stack(0x000000c38d100000,0x000000c38d200000)]
  0x000002acc069b800 JavaThread "rebel-redeploy-thread" daemon [_thread_blocked, id=53496, stack(0x000000c38d000000,0x000000c38d100000)]
  0x000002acc0698800 JavaThread "rebel-leaseManager-1" daemon [_thread_blocked, id=58068, stack(0x000000c38ce00000,0x000000c38cf00000)]
  0x000002acc0697800 JavaThread "rebel-messaging-executor-38" daemon [_thread_blocked, id=45796, stack(0x000000c38cd00000,0x000000c38ce00000)]
  0x000002acc080e800 JavaThread "rebel-IDENotificationsImpl-PostCycle" daemon [_thread_blocked, id=52684, stack(0x000000c38cc00000,0x000000c38cd00000)]
  0x000002acc080e000 JavaThread "rebel-weak-reaper" daemon [_thread_blocked, id=10516, stack(0x000000c38cb00000,0x000000c38cc00000)]
  0x000002acc080d000 JavaThread "rebel-fsnotify-OutputReader" daemon [_thread_in_native, id=53948, stack(0x000000c38d700000,0x000000c38d800000)]
  0x000002acc080b800 JavaThread "rebel-fsnotify-OutputReader" daemon [_thread_in_native, id=55020, stack(0x000000c38d600000,0x000000c38d700000)]
  0x000002acc080c800 JavaThread "rebel-fsnotify-ShutdownOnTermination" daemon [_thread_in_native, id=56536, stack(0x000000c38d500000,0x000000c38d600000)]
  0x000002acc0672000 JavaThread "rebel-CacheKeepAlive" daemon [_thread_blocked, id=41960, stack(0x000000c38d400000,0x000000c38d500000)]
  0x000002acc0663800 JavaThread "rebel-logger" daemon [_thread_blocked, id=56964, stack(0x000000c38d300000,0x000000c38d400000)]
  0x000002acbfdff000 JavaThread "Attach Listener" daemon [_thread_blocked, id=54072, stack(0x000000c38ca00000,0x000000c38cb00000)]
  0x000002acbe034000 JavaThread "Signal Dispatcher" daemon [_thread_blocked, id=50420, stack(0x000000c38c900000,0x000000c38ca00000)]
  0x000002acbdffc000 JavaThread "Finalizer" daemon [_thread_blocked, id=56064, stack(0x000000c38c800000,0x000000c38c900000)]
  0x000002acbdffa800 JavaThread "Reference Handler" daemon [_thread_blocked, id=52664, stack(0x000000c38c700000,0x000000c38c800000)]

Other Threads:
=>0x000002aca3393800 VMThread [stack: 0x000000c38c600000,0x000000c38c700000] [id=33696]
  0x000002acc3cdc800 WatcherThread [stack: 0x000000c38f100000,0x000000c38f200000] [id=46456]

VM state:at safepoint (normal execution)

VM Mutex/Monitor currently owned by a thread:  ([mutex/lock_event])
[0x000002aca3308020] Threads_lock - owner thread: 0x000002aca3393800

OutOfMemory and StackOverflow Exception counts:
OutOfMemoryError java_heap_errors=10

heap address: 0x00000006c1e00000, size: 4066 MB, Compressed Oops mode: Zero based, Oop shift amount: 3
Narrow klass base: 0x0000000000000000, Narrow klass shift: 3
Compressed class space size: 1073741824 Address: 0x00000007c0000000

Heap:
 PSYoungGen      total 1112064K, used 1013498K [0x000000076b500000, 0x00000007c0000000, 0x00000007c0000000)
  eden space 975872K, 89% used [0x000000076b500000,0x00000007a0de5d70,0x00000007a6e00000)
  from space 136192K, 99% used [0x00000007a6e00000,0x00000007af2d8be0,0x00000007af300000)
  to   space 212992K, 0% used [0x00000007b3000000,0x00000007b3000000,0x00000007c0000000)
 ParOldGen       total 424448K, used 180066K [0x00000006c1e00000, 0x00000006dbc80000, 0x000000076b500000)
  object space 424448K, 42% used [0x00000006c1e00000,0x00000006ccdd8948,0x00000006dbc80000)
 Metaspace       used 92084K, capacity 96462K, committed 99368K, reserved 1136640K
  class space    used 11114K, capacity 11773K, committed 12336K, reserved 1048576K

Card table byte_map: [0x000002acb4090000,0x000002acb4890000] byte_map_base: 0x000002acb0a81000

Marking Bits: (ParMarkBitMap*) 0x0000000070b53810
 Begin Bits: [0x000002acb4de0000, 0x000002acb8d68000)
 End Bits:   [0x000002acb8d68000, 0x000002acbccf0000)

Polling page: 0x000002aca4ca0000

CodeCache: size=245760Kb used=30326Kb max_used=30326Kb free=215434Kb
 bounds [0x000002aca4cd0000, 0x000002aca6a70000, 0x000002acb3cd0000]
 total_blobs=15716 nmethods=15065 adapters=559
 compilation: disabled (not enough contiguous free space left)

Compilation events (10 events):
Event: 186.129 Thread 0x000002acc351b800 15501       1       java.lang.AbstractStringBuilder::appendNull (56 bytes)
Event: 186.130 Thread 0x000002acc351b800 nmethod 15501 0x000002aca6a6e610 code [0x000002aca6a6e780, 0x000002aca6a6eaa0]
Event: 186.660 Thread 0x000002acc351b800 15502   !   1       ch.qos.logback.classic.spi.PackagingDataCalculator::_jr$ldcStackTraceElementProxy49d648fe17o192 (14 bytes)
Event: 186.660 Thread 0x000002acc351b800 nmethod 15502 0x000002aca6a6ecd0 code [0x000002aca6a6ee20, 0x000002aca6a6ef38]
Event: 186.662 Thread 0x000002acc351b800 15505       1       ch.qos.logback.classic.spi.ThrowableProxyUtil::indent (21 bytes)
Event: 186.662 Thread 0x000002acc351b800 nmethod 15505 0x000002aca6a6f390 code [0x000002aca6a6f500, 0x000002aca6a6f650]
Event: 186.664 Thread 0x000002acc351b800 15509       1       com.zeroturnaround.xrebel.bundled.com.google.common.cache.LocalCache$StrongEntry::getKey (5 bytes)
Event: 186.664 Thread 0x000002acc351b800 nmethod 15509 0x000002aca6a6f750 code [0x000002aca6a6f8a0, 0x000002aca6a6f9b8]
Event: 186.665 Thread 0x000002acc351b800 15506       1       ch.qos.logback.classic.pattern.ThrowableProxyConverter::isIgnoredStackTraceLine (51 bytes)
Event: 186.690 Thread 0x000002acc351b800 


GC Heap History (10 events):
Event: 161.495 GC heap before
{Heap before GC invocations=37 (full 4):
 PSYoungGen      total 906752K, used 901129K [0x000000076b500000, 0x00000007af300000, 0x00000007c0000000)
  eden space 771584K, 100% used [0x000000076b500000,0x000000079a680000,0x000000079a680000)
  from space 135168K, 95% used [0x00000007a3e80000,0x00000007abd02470,0x00000007ac280000)
  to   space 155648K, 0% used [0x000000079a680000,0x000000079a680000,0x00000007a3e80000)
 ParOldGen       total 424448K, used 104324K [0x00000006c1e00000, 0x00000006dbc80000, 0x000000076b500000)
  object space 424448K, 24% used [0x00000006c1e00000,0x00000006c83e1260,0x00000006dbc80000)
 Metaspace       used 91942K, capacity 96296K, committed 99112K, reserved 1136640K
  class space    used 11084K, capacity 11766K, committed 12336K, reserved 1048576K
Event: 161.767 GC heap after
Heap after GC invocations=37 (full 4):
 PSYoungGen      total 927232K, used 129872K [0x000000076b500000, 0x00000007b8c00000, 0x00000007c0000000)
  eden space 771584K, 0% used [0x000000076b500000,0x000000076b500000,0x000000079a680000)
  from space 155648K, 83% used [0x000000079a680000,0x00000007a25541c8,0x00000007a3e80000)
  to   space 172544K, 0% used [0x00000007ae380000,0x00000007ae380000,0x00000007b8c00000)
 ParOldGen       total 424448K, used 117328K [0x00000006c1e00000, 0x00000006dbc80000, 0x000000076b500000)
  object space 424448K, 27% used [0x00000006c1e00000,0x00000006c90942f0,0x00000006dbc80000)
 Metaspace       used 91942K, capacity 96296K, committed 99112K, reserved 1136640K
  class space    used 11084K, capacity 11766K, committed 12336K, reserved 1048576K
}
Event: 165.963 GC heap before
{Heap before GC invocations=38 (full 4):
 PSYoungGen      total 927232K, used 901105K [0x000000076b500000, 0x00000007b8c00000, 0x00000007c0000000)
  eden space 771584K, 99% used [0x000000076b500000,0x000000079a6284e8,0x000000079a680000)
  from space 155648K, 83% used [0x000000079a680000,0x00000007a25541c8,0x00000007a3e80000)
  to   space 172544K, 0% used [0x00000007ae380000,0x00000007ae380000,0x00000007b8c00000)
 ParOldGen       total 424448K, used 117328K [0x00000006c1e00000, 0x00000006dbc80000, 0x000000076b500000)
  object space 424448K, 27% used [0x00000006c1e00000,0x00000006c90942f0,0x00000006dbc80000)
 Metaspace       used 91942K, capacity 96296K, committed 99112K, reserved 1136640K
  class space    used 11084K, capacity 11766K, committed 12336K, reserved 1048576K
Event: 166.259 GC heap after
Heap after GC invocations=38 (full 4):
 PSYoungGen      total 1083904K, used 128040K [0x000000076b500000, 0x00000007ba500000, 0x00000007c0000000)
  eden space 911360K, 0% used [0x000000076b500000,0x000000076b500000,0x00000007a2f00000)
  from space 172544K, 74% used [0x00000007ae380000,0x00000007b608a298,0x00000007b8c00000)
  to   space 184832K, 0% used [0x00000007a2f00000,0x00000007a2f00000,0x00000007ae380000)
 ParOldGen       total 424448K, used 132939K [0x00000006c1e00000, 0x00000006dbc80000, 0x000000076b500000)
  object space 424448K, 31% used [0x00000006c1e00000,0x00000006c9fd2d40,0x00000006dbc80000)
 Metaspace       used 91942K, capacity 96296K, committed 99112K, reserved 1136640K
  class space    used 11084K, capacity 11766K, committed 12336K, reserved 1048576K
}
Event: 172.327 GC heap before
{Heap before GC invocations=39 (full 4):
 PSYoungGen      total 1083904K, used 1039400K [0x000000076b500000, 0x00000007ba500000, 0x00000007c0000000)
  eden space 911360K, 100% used [0x000000076b500000,0x00000007a2f00000,0x00000007a2f00000)
  from space 172544K, 74% used [0x00000007ae380000,0x00000007b608a298,0x00000007b8c00000)
  to   space 184832K, 0% used [0x00000007a2f00000,0x00000007a2f00000,0x00000007ae380000)
 ParOldGen       total 424448K, used 132939K [0x00000006c1e00000, 0x00000006dbc80000, 0x000000076b500000)
  object space 424448K, 31% used [0x00000006c1e00000,0x00000006c9fd2d40,0x00000006dbc80000)
 Metaspace       used 91944K, capacity 96296K, committed 99112K, reserved 1136640K
  class space    used 11084K, capacity 11766K, committed 12336K, reserved 1048576K
Event: 172.612 GC heap after
Heap after GC invocations=39 (full 4):
 PSYoungGen      total 1096192K, used 135324K [0x000000076b500000, 0x00000007c0000000, 0x00000007c0000000)
  eden space 911360K, 0% used [0x000000076b500000,0x000000076b500000,0x00000007a2f00000)
  from space 184832K, 73% used [0x00000007a2f00000,0x00000007ab3271d8,0x00000007ae380000)
  to   space 197120K, 0% used [0x00000007b3f80000,0x00000007b3f80000,0x00000007c0000000)
 ParOldGen       total 424448K, used 144231K [0x00000006c1e00000, 0x00000006dbc80000, 0x000000076b500000)
  object space 424448K, 33% used [0x00000006c1e00000,0x00000006caad9c90,0x00000006dbc80000)
 Metaspace       used 91944K, capacity 96296K, committed 99112K, reserved 1136640K
  class space    used 11084K, capacity 11766K, committed 12336K, reserved 1048576K
}
Event: 178.010 GC heap before
{Heap before GC invocations=40 (full 4):
 PSYoungGen      total 1096192K, used 1046684K [0x000000076b500000, 0x00000007c0000000, 0x00000007c0000000)
  eden space 911360K, 100% used [0x000000076b500000,0x00000007a2f00000,0x00000007a2f00000)
  from space 184832K, 73% used [0x00000007a2f00000,0x00000007ab3271d8,0x00000007ae380000)
  to   space 197120K, 0% used [0x00000007b3f80000,0x00000007b3f80000,0x00000007c0000000)
 ParOldGen       total 424448K, used 152824K [0x00000006c1e00000, 0x00000006dbc80000, 0x000000076b500000)
  object space 424448K, 36% used [0x00000006c1e00000,0x00000006cb33e070,0x00000006dbc80000)
 Metaspace       used 91949K, capacity 96296K, committed 99112K, reserved 1136640K
  class space    used 11084K, capacity 11766K, committed 12336K, reserved 1048576K
Event: 178.294 GC heap after
Heap after GC invocations=40 (full 4):
 PSYoungGen      total 1172992K, used 134579K [0x000000076b500000, 0x00000007c0000000, 0x00000007c0000000)
  eden space 975872K, 0% used [0x000000076b500000,0x000000076b500000,0x00000007a6e00000)
  from space 197120K, 68% used [0x00000007b3f80000,0x00000007bc2ecdc0,0x00000007c0000000)
  to   space 205824K, 0% used [0x00000007a6e00000,0x00000007a6e00000,0x00000007b3700000)
 ParOldGen       total 424448K, used 165557K [0x00000006c1e00000, 0x00000006dbc80000, 0x000000076b500000)
  object space 424448K, 39% used [0x00000006c1e00000,0x00000006cbfad678,0x00000006dbc80000)
 Metaspace       used 91949K, capacity 96296K, committed 99112K, reserved 1136640K
  class space    used 11084K, capacity 11766K, committed 12336K, reserved 1048576K
}
Event: 182.715 GC heap before
{Heap before GC invocations=41 (full 4):
 PSYoungGen      total 1172992K, used 1110451K [0x000000076b500000, 0x00000007c0000000, 0x00000007c0000000)
  eden space 975872K, 100% used [0x000000076b500000,0x00000007a6e00000,0x00000007a6e00000)
  from space 197120K, 68% used [0x00000007b3f80000,0x00000007bc2ecdc0,0x00000007c0000000)
  to   space 205824K, 0% used [0x00000007a6e00000,0x00000007a6e00000,0x00000007b3700000)
 ParOldGen       total 424448K, used 166160K [0x00000006c1e00000, 0x00000006dbc80000, 0x000000076b500000)
  object space 424448K, 39% used [0x00000006c1e00000,0x00000006cc044038,0x00000006dbc80000)
 Metaspace       used 91949K, capacity 96296K, committed 99112K, reserved 1136640K
  class space    used 11084K, capacity 11766K, committed 12336K, reserved 1048576K
Event: 182.964 GC heap after
Heap after GC invocations=41 (full 4):
 PSYoungGen      total 1112064K, used 136034K [0x000000076b500000, 0x00000007c0000000, 0x00000007c0000000)
  eden space 975872K, 0% used [0x000000076b500000,0x000000076b500000,0x00000007a6e00000)
  from space 136192K, 99% used [0x00000007a6e00000,0x00000007af2d8be0,0x00000007af300000)
  to   space 212992K, 0% used [0x00000007b3000000,0x00000007b3000000,0x00000007c0000000)
 ParOldGen       total 424448K, used 180066K [0x00000006c1e00000, 0x00000006dbc80000, 0x000000076b500000)
  object space 424448K, 42% used [0x00000006c1e00000,0x00000006ccdd8948,0x00000006dbc80000)
 Metaspace       used 91949K, capacity 96296K, committed 99112K, reserved 1136640K
  class space    used 11084K, capacity 11766K, committed 12336K, reserved 1048576K
}

Deoptimization events (0 events):
No events

Classes redefined (10 events):
Event: 27.923 Thread 0x000002aca3393800 redefined class name=java.lang.SecurityManager, count=3
Event: 28.052 Thread 0x000002aca3393800 redefined class name=sun.net.www.protocol.http.HttpURLConnection$HttpInputStream, count=1
Event: 29.006 Thread 0x000002aca3393800 redefined class name=sun.net.www.protocol.http.HttpURLConnection, count=1
Event: 29.156 Thread 0x000002aca3393800 redefined class name=java.lang.Throwable, count=2
Event: 29.317 Thread 0x000002aca3393800 redefined class name=java.lang.reflect.Proxy, count=1
Event: 29.669 Thread 0x000002aca3393800 redefined class name=java.lang.Thread, count=2
Event: 29.836 Thread 0x000002aca3393800 redefined class name=java.lang.invoke.InnerClassLambdaMetafactory, count=2
Event: 29.947 Thread 0x000002aca3393800 redefined class name=java.util.ResourceBundle, count=2
Event: 30.043 Thread 0x000002aca3393800 redefined class name=sun.net.www.protocol.http.HttpURLConnection$StreamingOutputStream, count=1
Event: 30.126 Thread 0x000002aca3393800 redefined class name=javax.net.ssl.HttpsURLConnection, count=1

Internal exceptions (10 events):
Event: 186.747 Thread 0x000002acc8b5c800 Implicit null exception at 0x000002aca4e1d5e6 to 0x000002aca4e1d746
Event: 186.747 Thread 0x000002acc8b5c800 Exception <a 'java/lang/NullPointerException'> (0x00000007a00ce368) thrown at [C:\wsjdk\Corretto8Src\installers\windows\zip\corretto-build\buildRoot\hotspot\src\share\vm\runtime\sharedRuntime.cpp, line 610]
Event: 186.757 Thread 0x000002acc8b5c800 Implicit null exception at 0x000002aca4e1d5e6 to 0x000002aca4e1d746
Event: 186.757 Thread 0x000002acc8b5c800 Exception <a 'java/lang/NullPointerException'> (0x00000007a00d44b8) thrown at [C:\wsjdk\Corretto8Src\installers\windows\zip\corretto-build\buildRoot\hotspot\src\share\vm\runtime\sharedRuntime.cpp, line 610]
Event: 186.757 Thread 0x000002acc8b5c800 Implicit null exception at 0x000002aca5172a59 to 0x000002aca5173389
Event: 186.757 Thread 0x000002acc8b5c800 Exception <a 'java/lang/NullPointerException'> (0x00000007a00d5020) thrown at [C:\wsjdk\Corretto8Src\installers\windows\zip\corretto-build\buildRoot\hotspot\src\share\vm\runtime\sharedRuntime.cpp, line 610]
Event: 186.759 Thread 0x000002acc8b5c800 Implicit null exception at 0x000002aca4e1d5e6 to 0x000002aca4e1d746
Event: 186.759 Thread 0x000002acc8b5c800 Exception <a 'java/lang/NullPointerException'> (0x00000007a00dee58) thrown at [C:\wsjdk\Corretto8Src\installers\windows\zip\corretto-build\buildRoot\hotspot\src\share\vm\runtime\sharedRuntime.cpp, line 610]
Event: 186.761 Thread 0x000002acc8b5c800 Implicit null exception at 0x000002aca4e1d5e6 to 0x000002aca4e1d746
Event: 186.761 Thread 0x000002acc8b5c800 Exception <a 'java/lang/NullPointerException'> (0x00000007a00e9a78) thrown at [C:\wsjdk\Corretto8Src\installers\windows\zip\corretto-build\buildRoot\hotspot\src\share\vm\runtime\sharedRuntime.cpp, line 610]

Events (10 events):
Event: 186.758 loading class reactor/core/publisher/SignalType done
Event: 186.758 loading class reactor/netty/internal/shaded/reactor/pool/AbstractPool
Event: 186.758 loading class reactor/netty/internal/shaded/reactor/pool/AbstractPool done
Event: 186.760 loading class reactor/core/publisher/SignalType
Event: 186.760 loading class reactor/core/publisher/SignalType done
Event: 186.760 loading class reactor/core/publisher/SignalType
Event: 186.760 loading class reactor/core/publisher/SignalType done
Event: 186.760 loading class reactor/netty/internal/shaded/reactor/pool/SimpleDequePool$QueuePooledRef
Event: 186.760 loading class reactor/netty/internal/shaded/reactor/pool/SimpleDequePool$QueuePooledRef done
Event: 186.763 Executing VM operation: BulkRevokeBias


Dynamic libraries:
0x00007ff711a00000 - 0x00007ff711a46000 	C:\Users\26449\.jdks\corretto-1.8.0_392\bin\java.exe
0x00007ff936890000 - 0x00007ff936aa7000 	C:\WINDOWS\SYSTEM32\ntdll.dll
0x00007ff935310000 - 0x00007ff9353d4000 	C:\WINDOWS\System32\KERNEL32.DLL
0x00007ff933c00000 - 0x00007ff933fa5000 	C:\WINDOWS\System32\KERNELBASE.dll
0x00007ff9363f0000 - 0x00007ff9364a1000 	C:\WINDOWS\System32\ADVAPI32.dll
0x00007ff9361f0000 - 0x00007ff936297000 	C:\WINDOWS\System32\msvcrt.dll
0x00007ff9362a0000 - 0x00007ff936346000 	C:\WINDOWS\System32\sechost.dll
0x00007ff934bf0000 - 0x00007ff934d07000 	C:\WINDOWS\System32\RPCRT4.dll
0x00007ff934d30000 - 0x00007ff934ede000 	C:\WINDOWS\System32\USER32.dll
0x00007ff934140000 - 0x00007ff934166000 	C:\WINDOWS\System32\win32u.dll
0x00007ff9346e0000 - 0x00007ff934709000 	C:\WINDOWS\System32\GDI32.dll
0x00007ff934020000 - 0x00007ff934139000 	C:\WINDOWS\System32\gdi32full.dll
0x00007ff934540000 - 0x00007ff9345da000 	C:\WINDOWS\System32\msvcp_win.dll
0x00007ff934170000 - 0x00007ff934281000 	C:\WINDOWS\System32\ucrtbase.dll
0x00007ff922780000 - 0x00007ff922a13000 	C:\WINDOWS\WinSxS\amd64_microsoft.windows.common-controls_6595b64144ccf1df_6.0.22621.2506_none_270c5ae97388e100\COMCTL32.dll
0x00007ff9363b0000 - 0x00007ff9363e1000 	C:\WINDOWS\System32\IMM32.DLL
0x00007ff8fd9d0000 - 0x00007ff8fd9e5000 	C:\Users\26449\.jdks\corretto-1.8.0_392\jre\bin\vcruntime140.dll
0x00007ff8d22f0000 - 0x00007ff8d238b000 	C:\Users\26449\.jdks\corretto-1.8.0_392\jre\bin\msvcp140.dll
0x0000000070370000 - 0x0000000070bcd000 	C:\Users\26449\.jdks\corretto-1.8.0_392\jre\bin\server\jvm.dll
0x00007ff9360f0000 - 0x00007ff9360f8000 	C:\WINDOWS\System32\PSAPI.DLL
0x00007ff92cdc0000 - 0x00007ff92cdf4000 	C:\WINDOWS\SYSTEM32\WINMM.dll
0x00007ff924a60000 - 0x00007ff924a6a000 	C:\WINDOWS\SYSTEM32\VERSION.dll
0x00007ff923cd0000 - 0x00007ff923cd9000 	C:\WINDOWS\SYSTEM32\WSOCK32.dll
0x00007ff934f00000 - 0x00007ff934f71000 	C:\WINDOWS\System32\WS2_32.dll
0x00007ff932c50000 - 0x00007ff932c68000 	C:\WINDOWS\SYSTEM32\kernel.appcore.dll
0x00007ff92a280000 - 0x00007ff92a290000 	C:\Users\26449\.jdks\corretto-1.8.0_392\jre\bin\verify.dll
0x00007ff8d43d0000 - 0x00007ff8d43fb000 	C:\Users\26449\.jdks\corretto-1.8.0_392\jre\bin\java.dll
0x00007ff901450000 - 0x00007ff901482000 	C:\Users\26449\.jdks\corretto-1.8.0_392\jre\bin\instrument.dll
0x00007ff8fffc0000 - 0x00007ff90000e000 	C:\Users\26449\AppData\Roaming\JetBrains\IntelliJIdea2023.2\plugins\jr-ide-idea\lib\jrebel6\lib\jrebel64.dll
0x00007ff9356f0000 - 0x00007ff935f49000 	C:\WINDOWS\System32\SHELL32.dll
0x00007ff935430000 - 0x00007ff935523000 	C:\WINDOWS\System32\shcore.dll
0x00007ff8fd950000 - 0x00007ff8fd968000 	C:\Users\26449\.jdks\corretto-1.8.0_392\jre\bin\zip.dll
0x00007ff931ae0000 - 0x00007ff9323d4000 	C:\WINDOWS\SYSTEM32\windows.storage.dll
0x00007ff9364c0000 - 0x00007ff936849000 	C:\WINDOWS\System32\combase.dll
0x00007ff9319a0000 - 0x00007ff931ade000 	C:\WINDOWS\SYSTEM32\wintypes.dll
0x00007ff934710000 - 0x00007ff93476e000 	C:\WINDOWS\System32\shlwapi.dll
0x00007ff933b30000 - 0x00007ff933b56000 	C:\WINDOWS\SYSTEM32\profapi.dll
0x00007ff8d4000000 - 0x00007ff8d401c000 	C:\Users\26449\.jdks\corretto-1.8.0_392\jre\bin\net.dll
0x00007ff933130000 - 0x00007ff933199000 	C:\WINDOWS\system32\mswsock.dll
0x00007ff90d600000 - 0x00007ff90d613000 	C:\Users\26449\.jdks\corretto-1.8.0_392\jre\bin\nio.dll
0x00007ff923410000 - 0x00007ff92341d000 	C:\Users\26449\.jdks\corretto-1.8.0_392\jre\bin\management.dll
0x00007ff905fa0000 - 0x00007ff905fc4000 	C:\Users\26449\.jdks\corretto-1.8.0_392\jre\bin\sunec.dll
0x00007ff920a90000 - 0x00007ff920a9d000 	C:\Users\26449\.jdks\corretto-1.8.0_392\jre\bin\sunmscapi.dll
0x00007ff934290000 - 0x00007ff9343f6000 	C:\WINDOWS\System32\CRYPT32.dll
0x00007ff933580000 - 0x00007ff9335ad000 	C:\WINDOWS\SYSTEM32\ncrypt.dll
0x00007ff933540000 - 0x00007ff933577000 	C:\WINDOWS\SYSTEM32\NTASN1.dll
0x00007ff905f80000 - 0x00007ff905f9b000 	C:\Users\26449\.jrebel\jrebel-temp\ver-4f7196ff\IdeaWin64.dll
0x00007ff9333a0000 - 0x00007ff9333bb000 	C:\WINDOWS\SYSTEM32\CRYPTSP.dll
0x00007ff932c10000 - 0x00007ff932c45000 	C:\WINDOWS\system32\rsaenh.dll
0x00007ff933210000 - 0x00007ff93323c000 	C:\WINDOWS\SYSTEM32\USERENV.dll
0x00007ff9335b0000 - 0x00007ff9335d8000 	C:\WINDOWS\SYSTEM32\bcrypt.dll
0x00007ff934400000 - 0x00007ff93447a000 	C:\WINDOWS\System32\bcryptprimitives.dll
0x00007ff9333c0000 - 0x00007ff9333cc000 	C:\WINDOWS\SYSTEM32\CRYPTBASE.dll
0x00007ff9326b0000 - 0x00007ff9326dd000 	C:\WINDOWS\SYSTEM32\IPHLPAPI.DLL
0x00007ff9361e0000 - 0x00007ff9361e9000 	C:\WINDOWS\System32\NSI.dll
0x00007ff92beb0000 - 0x00007ff92bec9000 	C:\WINDOWS\SYSTEM32\dhcpcsvc6.DLL
0x00007ff92bc20000 - 0x00007ff92bc3f000 	C:\WINDOWS\SYSTEM32\dhcpcsvc.DLL
0x00007ff932720000 - 0x00007ff932819000 	C:\WINDOWS\SYSTEM32\DNSAPI.dll
0x00007ff92b2d0000 - 0x00007ff92b2da000 	C:\Windows\System32\rasadhlp.dll
0x00007ff92a440000 - 0x00007ff92a4c3000 	C:\WINDOWS\System32\fwpuclnt.dll
0x00007ff9044b0000 - 0x00007ff9044ca000 	D:\IntelliJ IDEA 2023.1.1\bin\breakgen64.dll
0x00007ff91ca80000 - 0x00007ff91ca97000 	C:\WINDOWS\system32\napinsp.dll
0x00007ff91ca60000 - 0x00007ff91ca7b000 	C:\WINDOWS\system32\pnrpnsp.dll
0x00007ff91ca40000 - 0x00007ff91ca51000 	C:\WINDOWS\System32\winrnr.dll
0x00007ff92bc40000 - 0x00007ff92bc55000 	C:\WINDOWS\system32\wshbth.dll
0x00007ff91c950000 - 0x00007ff91c971000 	C:\WINDOWS\system32\nlansp_c.dll

VM Arguments:
jvm_args: -Drebel.base=C:\Users\26449\.jrebel -Drebel.env.ide.plugin.version=2023.4.1 -Drebel.env.ide.version=2023.2.5 -Drebel.env.ide.product=IU -Drebel.env.ide=intellij -Drebel.notification.url=http://localhost:17434 -javaagent:C:\Users\26449\AppData\Roaming\JetBrains\IntelliJIdea2023.2\plugins\jr-ide-idea\lib\xrebel\xrebel.jar -agentpath:C:\Users\26449\AppData\Roaming\JetBrains\IntelliJIdea2023.2\plugins\jr-ide-idea\lib\jrebel6\lib\jrebel64.dll -Dvisualvm.id=521396255668500 -Dvisualvm.id=521396255408200 -XX:TieredStopAtLevel=1 -Xverify:none -Dspring.output.ansi.enabled=always -Dcom.sun.management.jmxremote -Dspring.jmx.enabled=true -Dspring.liveBeansView.mbeanDomain -Dspring.application.admin.enabled=true -Dmanagement.endpoints.jmx.exposure.include=* -javaagent:D:\IntelliJ IDEA 2023.1.1\lib\idea_rt.jar=65433:D:\IntelliJ IDEA 2023.1.1\bin -Dfile.encoding=UTF-8 
java_command: com.gateway.GulimallGatewayApplication
java_class_path (initial): C:\Users\26449\.jdks\corretto-1.8.0_392\jre\lib\charsets.jar;C:\Users\26449\.jdks\corretto-1.8.0_392\jre\lib\ext\access-bridge-64.jar;C:\Users\26449\.jdks\corretto-1.8.0_392\jre\lib\ext\cldrdata.jar;C:\Users\26449\.jdks\corretto-1.8.0_392\jre\lib\ext\dnsns.jar;C:\Users\26449\.jdks\corretto-1.8.0_392\jre\lib\ext\jaccess.jar;C:\Users\26449\.jdks\corretto-1.8.0_392\jre\lib\ext\jfxrt.jar;C:\Users\26449\.jdks\corretto-1.8.0_392\jre\lib\ext\localedata.jar;C:\Users\26449\.jdks\corretto-1.8.0_392\jre\lib\ext\nashorn.jar;C:\Users\26449\.jdks\corretto-1.8.0_392\jre\lib\ext\sunec.jar;C:\Users\26449\.jdks\corretto-1.8.0_392\jre\lib\ext\sunjce_provider.jar;C:\Users\26449\.jdks\corretto-1.8.0_392\jre\lib\ext\sunmscapi.jar;C:\Users\26449\.jdks\corretto-1.8.0_392\jre\lib\ext\sunpkcs11.jar;C:\Users\26449\.jdks\corretto-1.8.0_392\jre\lib\ext\zipfs.jar;C:\Users\26449\.jdks\corretto-1.8.0_392\jre\lib\jce.jar;C:\Users\26449\.jdks\corretto-1.8.0_392\jre\lib\jfr.jar;C:\Users\26449\.jdks\corretto-1.8.0_392\jre\lib\jfxswt.jar;C:\Users\26449\.jdks\corretto-1.8.0_392\jre\lib\jsse.jar;C:\Users\26449\.jdks\corretto-1.8.0_392\jre\lib\management-agent.jar;C:\Users\26449\.jdks\corretto-1.8.0_392\jre\lib\resources.jar;C:\Users\26449\.jdks\corretto-1.8.0_392\jre\lib\rt.jar;C:\Users\26449\IdeaProjects\gulimall\gulimall-gateway\target\classes;C:\Users\26449\.m2\repository\org\springframework\cloud\spring-cloud-starter-gateway\3.1.8\spring-cloud-starter-gateway-3.1.8.jar;C:\Users\26449\.m2\repository\org\springframework\cloud\spring-cloud-starter\3.1.7\spring-cloud-starter-3.1.7.jar;C:\Users\26449\.m2\repository\org\springframework\cloud\spring-cloud-context\3.1.7\spring-cloud-context-3.1.7.jar;C:\Users\26449\.m2\repository\org\springframework\security\spring-security-crypto\5.7.9\spring-security-crypto-5.7.9.jar;C:\Users\26449\.m2\repository\org\springframework\cloud\spring-cloud-commons\3.1.7\spring-cloud-commons-3.1.7.jar;C:\Users\26449\.m2\repository\org\springframework
Launcher Type: SUN_STANDARD

Environment Variables:
PATH=D:\VMware Workstation\bin\;C:\Program Files (x86)\Common Files\Oracle\Java\javapath;C:\Program Files\Java\jdk-17\bin;C:\WINDOWS\system32;C:\WINDOWS;C:\WINDOWS\System32\Wbem;C:\WINDOWS\System32\WindowsPowerShell\v1.0\;C:\WINDOWS\System32\OpenSSH\;D:\Xftp7\;D:\Xshell\;C:\Program Files\Git\cmd;D:\nodejs\;C:\Users\26449\.windows-build-tools\python27\;C:\Users\26449\AppData\Local\Microsoft\WindowsApps;;D:\IntelliJ IDEA 2023.1.1\bin;;D:\Microsoft VS Code\bin;C:\Users\26449\AppData\Roaming\npm
USERNAME=123
OS=Windows_NT
PROCESSOR_IDENTIFIER=Intel64 Family 6 Model 142 Stepping 10, GenuineIntel



---------------  S Y S T E M  ---------------

OS: Windows 11 , 64 bit Build 22621 (10.0.22621.2506)

CPU:total 8 (initial active 8) (4 cores per cpu, 2 threads per core) family 6 model 142 stepping 10, cmov, cx8, fxsr, mmx, sse, sse2, sse3, ssse3, sse4.1, sse4.2, popcnt, avx, avx2, aes, clmul, erms, 3dnowpref, lzcnt, ht, tsc, tscinvbit, bmi1, bmi2, adx

Memory: 4k page, physical 16651660k(511276k free), swap 29533996k(0k free)

vm_info: OpenJDK 64-Bit Server VM (25.392-b08) for windows-amd64 JRE (1.8.0_392-b08), built on Oct 16 2023 22:02:46 by "Administrator" with MS VC++ 15.9 (VS2017)

time: Fri Nov 24 21:22:50 2023
timezone: Intel64 Family 6 Model 142 Stepping 10, GenuineIntel
elapsed time: 186.793144 seconds (0d 0h 3m 6s)

