#
# There is insufficient memory for the Java Runtime Environment to continue.
# Native memory allocation (malloc) failed to allocate 32744 bytes for ChunkPool::allocate
# Possible reasons:
#   The system is out of physical RAM or swap space
#   The process is running with CompressedOops enabled, and the Java Heap may be blocking the growth of the native heap
# Possible solutions:
#   Reduce memory load on the system
#   Increase physical memory or swap space
#   Check if swap backing store is full
#   Decrease Java heap size (-Xmx/-Xms)
#   Decrease number of Java threads
#   Decrease Java thread stack sizes (-Xss)
#   Set larger code cache with -XX:ReservedCodeCacheSize=
#   JVM is running with Zero Based Compressed Oops mode in which the Java heap is
#     placed in the first 32GB address space. The Java Heap base address is the
#     maximum limit for the native heap growth. Please use -XX:HeapBaseMinAddress
#     to set the Java Heap base and to place the Java Heap above 32GB virtual address.
# This output file may be truncated or incomplete.
#
#  Out of Memory Error (allocation.cpp:272), pid=54120, tid=0x000000000000df20
#
# JRE version: OpenJDK Runtime Environment (8.0_392-b08) (build 1.8.0_392-b08)
# Java VM: OpenJDK 64-Bit Server VM (25.392-b08 mixed mode windows-amd64 compressed oops)
# Failed to write core dump. Minidumps are not enabled by default on client versions of Windows
#

---------------  T H R E A D  ---------------

Current thread (0x000001c09f588800):  VMThread [stack: 0x000000528bc00000,0x000000528bd00000] [id=57120]

Stack: [0x000000528bc00000,0x000000528bd00000]
[error occurred during error reporting (printing stack bounds), id 0xc0000005]

Native frames: (J=compiled Java code, j=interpreted, Vv=VM code, C=native code)

VM_Operation (0x00000052902fdaf0): BulkRevokeBias, mode: safepoint, requested by thread 0x000001c0aa1f0000


---------------  P R O C E S S  ---------------

Java Threads: ( => current thread )
  0x000001c0c2198000 JavaThread "Keep-Alive-Timer" daemon [_thread_blocked, id=41316, stack(0x000000528fc00000,0x000000528fd00000)]
  0x000001c0c219d000 JavaThread "com.alibaba.nacos.client.Worker.longPolling.fixed-47.99.142.201_8848-d17699a3-303b-4e59-a951-1acca6dec703" daemon [_thread_blocked, id=46960, stack(0x0000005291200000,0x0000005291300000)]
  0x000001c0c219a800 JavaThread "logback-7" daemon [_thread_blocked, id=46720, stack(0x000000528e800000,0x000000528e900000)]
  0x000001c0c219c000 JavaThread "com.alibaba.nacos.client.Worker.longPolling.fixed-47.99.142.201_8848-d17699a3-303b-4e59-a951-1acca6dec703" daemon [_thread_blocked, id=55236, stack(0x0000005291100000,0x0000005291200000)]
  0x000001c0c2197800 JavaThread "logback-6" daemon [_thread_blocked, id=46224, stack(0x0000005291000000,0x0000005291100000)]
  0x000001c0c2194800 JavaThread "com.alibaba.nacos.client.Worker.longPolling.fixed-47.99.142.201_8848-d17699a3-303b-4e59-a951-1acca6dec703" daemon [_thread_blocked, id=52148, stack(0x0000005290f00000,0x0000005291000000)]
  0x000001c0c219b800 JavaThread "logback-5" daemon [_thread_blocked, id=58132, stack(0x000000528fb00000,0x000000528fc00000)]
  0x000001c0c219a000 JavaThread "com.alibaba.nacos.client.Worker.longPolling.fixed-47.99.142.201_8848-d17699a3-303b-4e59-a951-1acca6dec703" daemon [_thread_blocked, id=41708, stack(0x000000528f200000,0x000000528f300000)]
  0x000001c0ab711000 JavaThread "logback-4" daemon [_thread_blocked, id=46384, stack(0x0000005290e00000,0x0000005290f00000)]
  0x000001c0ab706000 JavaThread "com.alibaba.nacos.client.Worker.longPolling.fixed-47.99.142.201_8848-d17699a3-303b-4e59-a951-1acca6dec703" daemon [_thread_blocked, id=57996, stack(0x0000005290d00000,0x0000005290e00000)]
  0x000001c0ab70c800 JavaThread "logback-3" daemon [_thread_blocked, id=46764, stack(0x0000005290c00000,0x0000005290d00000)]
  0x000001c0ab70a000 JavaThread "xrebel-error-reporter" daemon [_thread_blocked, id=54308, stack(0x0000005290b00000,0x0000005290c00000)]
  0x000001c0ab709000 JavaThread "com.alibaba.nacos.client.Worker.longPolling.fixed-47.99.142.201_8848-d17699a3-303b-4e59-a951-1acca6dec703" daemon [_thread_blocked, id=41488, stack(0x0000005290a00000,0x0000005290b00000)]
  0x000001c0ab70b800 JavaThread "xrebel-Thread-98" daemon [_thread_blocked, id=12304, stack(0x0000005290900000,0x0000005290a00000)]
  0x000001c0ab70a800 JavaThread "xrebel-Thread-97" daemon [_thread_blocked, id=2148, stack(0x0000005290800000,0x0000005290900000)]
  0x000001c0aa847800 JavaThread "xrebel-Thread-96" daemon [_thread_blocked, id=49680, stack(0x0000005290700000,0x0000005290800000)]
  0x000001c0aa1fa000 JavaThread "xrebel-Thread-95" daemon [_thread_blocked, id=38060, stack(0x0000005290600000,0x0000005290700000)]
  0x000001c0aa1f7800 JavaThread "xrebel-Thread-94" daemon [_thread_blocked, id=56948, stack(0x0000005290500000,0x0000005290600000)]
  0x000001c0aa1fb800 JavaThread "Thread-93" daemon [_thread_in_native, id=43740, stack(0x0000005290400000,0x0000005290500000)]
  0x000001c0aa1fb000 JavaThread "reactor-http-nio-8" daemon [_thread_blocked, id=51504, stack(0x0000005290300000,0x0000005290400000)]
  0x000001c0aa1f0000 JavaThread "reactor-http-nio-7" daemon [_thread_blocked, id=57824, stack(0x0000005290200000,0x0000005290300000)]
  0x000001c0aa1ef000 JavaThread "reactor-http-nio-6" daemon [_thread_blocked, id=58316, stack(0x0000005290100000,0x0000005290200000)]
  0x000001c0aa1f6000 JavaThread "reactor-http-nio-5" daemon [_thread_blocked, id=53360, stack(0x0000005290000000,0x0000005290100000)]
  0x000001c0aa1f4800 JavaThread "reactor-http-nio-4" daemon [_thread_blocked, id=49652, stack(0x000000528ff00000,0x0000005290000000)]
  0x000001c0aa1f1800 JavaThread "reactor-http-nio-3" daemon [_thread_blocked, id=41008, stack(0x000000528f700000,0x000000528f800000)]
  0x000001c0a4a33000 JavaThread "reactor-http-nio-2" daemon [_thread_blocked, id=40680, stack(0x000000528b200000,0x000000528b300000)]
  0x000001c0a1536000 JavaThread "logback-2" daemon [_thread_blocked, id=38256, stack(0x000000528b100000,0x000000528b200000)]
  0x000001c0aa856000 JavaThread "com.alibaba.nacos.naming.beat.sender" daemon [_thread_blocked, id=11960, stack(0x000000528fe00000,0x000000528ff00000)]
  0x000001c0aa855000 JavaThread "com.alibaba.nacos.naming.beat.sender" daemon [_thread_blocked, id=54760, stack(0x000000528fd00000,0x000000528fe00000)]
  0x000001c0aa852800 JavaThread "com.alibaba.nacos.client.Worker.longPolling.fixed-47.99.142.201_8848-d17699a3-303b-4e59-a951-1acca6dec703" daemon [_thread_blocked, id=40008, stack(0x000000528fa00000,0x000000528fb00000)]
  0x000001c0aa852000 JavaThread "com.alibaba.nacos.client.Worker.longPolling.fixed-47.99.142.201_8848-d17699a3-303b-4e59-a951-1acca6dec703" daemon [_thread_in_native, id=56496, stack(0x000000528f900000,0x000000528fa00000)]
  0x000001c0aa851000 JavaThread "DestroyJavaVM" [_thread_blocked, id=52028, stack(0x000000528b300000,0x000000528b400000)]
  0x000001c0aa84f800 JavaThread "com.alibaba.nacos.naming.beat.sender" daemon [_thread_blocked, id=40272, stack(0x000000528f800000,0x000000528f900000)]
  0x000001c0aa84e000 JavaThread "com.alibaba.nacos.naming.beat.sender" daemon [_thread_blocked, id=46484, stack(0x000000528f600000,0x000000528f700000)]
  0x000001c0aa84a000 JavaThread "server" [_thread_blocked, id=46316, stack(0x000000528f500000,0x000000528f600000)]
  0x000001c0aa84c800 JavaThread "reactor-http-nio-1" daemon [_thread_blocked, id=36308, stack(0x000000528f400000,0x000000528f500000)]
  0x000001c0a9d0e800 JavaThread "ThreadPoolTaskScheduler-1" [_thread_blocked, id=9892, stack(0x000000528f100000,0x000000528f200000)]
  0x000001c0a9d12800 JavaThread "com.alibaba.nacos.naming.push.receiver" daemon [_thread_in_native, id=47756, stack(0x000000528f000000,0x000000528f100000)]
  0x000001c0a9d12000 JavaThread "com.alibaba.nacos.naming.failover" daemon [_thread_blocked, id=56360, stack(0x000000528ef00000,0x000000528f000000)]
  0x000001c0a9d11000 JavaThread "com.alibaba.nacos.naming.client.listener" daemon [_thread_blocked, id=55108, stack(0x000000528ec00000,0x000000528ed00000)]
  0x000001c0a9d08800 JavaThread "spring.cloud.inetutils" daemon [_thread_blocked, id=7208, stack(0x000000528ee00000,0x000000528ef00000)]
  0x000001c0a1541000 JavaThread "boundedElastic-evictor-1" daemon [_thread_blocked, id=53772, stack(0x000000528ed00000,0x000000528ee00000)]
  0x000001c0a1534800 JavaThread "com.alibaba.nacos.client.Worker.fixed-47.99.142.201_8848-d17699a3-303b-4e59-a951-1acca6dec703" daemon [_thread_blocked, id=55416, stack(0x000000528eb00000,0x000000528ec00000)]
  0x000001c0a1537800 JavaThread "Timer-0" daemon [_thread_blocked, id=38388, stack(0x000000528e900000,0x000000528ea00000)]
  0x000001c0a153b800 JavaThread "logback-1" daemon [_thread_blocked, id=53464, stack(0x000000528df00000,0x000000528e000000)]
  0x000001c0a4a29000 JavaThread "RMI Scheduler(0)" daemon [_thread_blocked, id=54620, stack(0x000000528ea00000,0x000000528eb00000)]
  0x000001c0a4a2e800 JavaThread "RMI TCP Accept-0" daemon [_thread_in_native, id=54172, stack(0x000000528e600000,0x000000528e700000)]
  0x000001c0a4a2f000 JavaThread "Service Thread" daemon [_thread_blocked, id=47200, stack(0x000000528e500000,0x000000528e600000)]
  0x000001c0a4a2d000 JavaThread "C1 CompilerThread3" daemon [_thread_blocked, id=56216, stack(0x000000528e400000,0x000000528e500000)]
  0x000001c0a4a58000 JavaThread "C2 CompilerThread2" daemon [_thread_blocked, id=55048, stack(0x000000528e300000,0x000000528e400000)]
  0x000001c0a4a50000 JavaThread "C2 CompilerThread1" daemon [_thread_blocked, id=29032, stack(0x000000528e200000,0x000000528e300000)]
  0x000001c0a4a4e800 JavaThread "C2 CompilerThread0" daemon [_thread_blocked, id=52684, stack(0x000000528e100000,0x000000528e200000)]
  0x000001c0a4a2c000 JavaThread "Monitor Ctrl-Break" daemon [_thread_in_native, id=14456, stack(0x000000528e000000,0x000000528e100000)]
  0x000001c0a4a2d800 JavaThread "xrebel-Thread-16" daemon [_thread_blocked, id=15532, stack(0x000000528de00000,0x000000528df00000)]
  0x000001c0a1bf7000 JavaThread "xrebel-Thread-15" daemon [_thread_blocked, id=56984, stack(0x000000528dd00000,0x000000528de00000)]
  0x000001c0a292c000 JavaThread "xrebel-Thread-14" daemon [_thread_blocked, id=52328, stack(0x000000528dc00000,0x000000528dd00000)]
  0x000001c0a292b800 JavaThread "xrebel-Thread-13" daemon [_thread_blocked, id=57564, stack(0x000000528db00000,0x000000528dc00000)]
  0x000001c0a292a800 JavaThread "xrebel-Thread-12" daemon [_thread_blocked, id=54464, stack(0x000000528da00000,0x000000528db00000)]
  0x000001c0a2922800 JavaThread "xrebel-Thread-11" daemon [_thread_blocked, id=11252, stack(0x000000528d900000,0x000000528da00000)]
  0x000001c0a2929800 JavaThread "xrebel-Thread-10" daemon [_thread_blocked, id=56620, stack(0x000000528d800000,0x000000528d900000)]
  0x000001c0a2929000 JavaThread "xrebel-Thread-9" daemon [_thread_blocked, id=48144, stack(0x000000528d700000,0x000000528d800000)]
  0x000001c0a2927800 JavaThread "xrebel-Thread-8" daemon [_thread_blocked, id=51004, stack(0x000000528d600000,0x000000528d700000)]
  0x000001c0a2923800 JavaThread "xrebel-Thread-7" daemon [_thread_blocked, id=46848, stack(0x000000528d500000,0x000000528d600000)]
  0x000001c0a2928000 JavaThread "xrebel-Thread-6" daemon [_thread_blocked, id=54024, stack(0x000000528d400000,0x000000528d500000)]
  0x000001c0a2924000 JavaThread "xrebel-Thread-5" daemon [_thread_blocked, id=52660, stack(0x000000528d300000,0x000000528d400000)]
  0x000001c0a2925000 JavaThread "BusyLoopTime" daemon [_thread_blocked, id=47360, stack(0x000000528c500000,0x000000528c600000)]
  0x000001c0a2926000 JavaThread "rebel-logger" daemon [_thread_blocked, id=54052, stack(0x000000528d100000,0x000000528d200000)]
  0x000001c0a2921000 JavaThread "rebel-build-info" daemon [_thread_in_native, id=51132, stack(0x000000528d000000,0x000000528d100000)]
  0x000001c0a291e800 JavaThread "rebel-change-detector-thread" daemon [_thread_blocked, id=56640, stack(0x000000528cf00000,0x000000528d000000)]
  0x000001c0a291e000 JavaThread "rebel-debugger-thread" daemon [_thread_blocked, id=44160, stack(0x000000528ce00000,0x000000528cf00000)]
  0x000001c0a291d000 JavaThread "rebel-debugger-attach-notifier" daemon [_thread_blocked, id=55820, stack(0x000000528c800000,0x000000528c900000)]
  0x000001c0a2922000 JavaThread "rebel-heartbeat-thread" daemon [_thread_blocked, id=49528, stack(0x000000528c700000,0x000000528c800000)]
  0x000001c0a2920800 JavaThread "rebel-redeploy-thread" daemon [_thread_blocked, id=48976, stack(0x000000528c600000,0x000000528c700000)]
  0x000001c0a1bf6000 JavaThread "rebel-leaseManager-1" daemon [_thread_blocked, id=12212, stack(0x000000528c400000,0x000000528c500000)]
  0x000001c0a1bfc800 JavaThread "rebel-messaging-executor-38" daemon [_thread_blocked, id=13788, stack(0x000000528c300000,0x000000528c400000)]
  0x000001c0a1bfa800 JavaThread "rebel-IDENotificationsImpl-PostCycle" daemon [_thread_blocked, id=54584, stack(0x000000528c200000,0x000000528c300000)]
  0x000001c0a1bfd000 JavaThread "rebel-weak-reaper" daemon [_thread_blocked, id=40952, stack(0x000000528c100000,0x000000528c200000)]
  0x000001c0a1bfa000 JavaThread "rebel-fsnotify-OutputReader" daemon [_thread_in_native, id=52456, stack(0x000000528cd00000,0x000000528ce00000)]
  0x000001c0a1bf8800 JavaThread "rebel-fsnotify-OutputReader" daemon [_thread_blocked, id=56248, stack(0x000000528cc00000,0x000000528cd00000)]
  0x000001c0a1bf7800 JavaThread "rebel-fsnotify-ShutdownOnTermination" daemon [_thread_in_native, id=6684, stack(0x000000528cb00000,0x000000528cc00000)]
  0x000001c0a1bf9000 JavaThread "rebel-logger" daemon [_thread_blocked, id=45560, stack(0x000000528ca00000,0x000000528cb00000)]
  0x000001c0a1bfb800 JavaThread "rebel-CacheKeepAlive" daemon [_thread_blocked, id=15232, stack(0x000000528c900000,0x000000528ca00000)]
  0x000001c0a1385800 JavaThread "Attach Listener" daemon [_thread_blocked, id=55788, stack(0x000000528c000000,0x000000528c100000)]
  0x000001c09f5ce000 JavaThread "Signal Dispatcher" daemon [_thread_blocked, id=41980, stack(0x000000528bf00000,0x000000528c000000)]
  0x000001c084a6d800 JavaThread "Finalizer" daemon [_thread_blocked, id=46788, stack(0x000000528be00000,0x000000528bf00000)]
  0x000001c09f3b8800 JavaThread "Reference Handler" daemon [_thread_blocked, id=55188, stack(0x000000528bd00000,0x000000528be00000)]

Other Threads:
=>0x000001c09f588800 VMThread [stack: 0x000000528bc00000,0x000000528bd00000] [id=57120]
  0x000001c0a51ac800 WatcherThread [stack: 0x000000528e700000,0x000000528e800000] [id=55796]

VM state:at safepoint (normal execution)

VM Mutex/Monitor currently owned by a thread:  ([mutex/lock_event])
[0x000001c0849d92f0] Threads_lock - owner thread: 0x000001c09f588800

OutOfMemory and StackOverflow Exception counts:
OutOfMemoryError java_heap_errors=23

heap address: 0x00000006c1e00000, size: 4066 MB, Compressed Oops mode: Zero based, Oop shift amount: 3
Narrow klass base: 0x0000000000000000, Narrow klass shift: 3
Compressed class space size: 1073741824 Address: 0x00000007c0000000

Heap:
 PSYoungGen      total 1022976K, used 609144K [0x000000076b500000, 0x00000007b6e80000, 0x00000007c0000000)
  eden space 828416K, 58% used [0x000000076b500000,0x0000000788c57b70,0x000000079de00000)
  from space 194560K, 65% used [0x000000079de00000,0x00000007a5986880,0x00000007a9c00000)
  to   space 186880K, 0% used [0x00000007a9c00000,0x00000007a9c00000,0x00000007b5280000)
 ParOldGen       total 275968K, used 156904K [0x00000006c1e00000, 0x00000006d2b80000, 0x000000076b500000)
  object space 275968K, 56% used [0x00000006c1e00000,0x00000006cb73a048,0x00000006d2b80000)
 Metaspace       used 93905K, capacity 98324K, committed 98584K, reserved 1136640K
  class space    used 11372K, capacity 12080K, committed 12080K, reserved 1048576K

Card table byte_map: [0x000001c095620000,0x000001c095e20000] byte_map_base: 0x000001c092011000

Marking Bits: (ParMarkBitMap*) 0x0000000070b53810
 Begin Bits: [0x000001c096370000, 0x000001c09a2f8000)
 End Bits:   [0x000001c09a2f8000, 0x000001c09e280000)

Polling page: 0x000001c084c10000

CodeCache: size=245760Kb used=30825Kb max_used=30825Kb free=214934Kb
 bounds [0x000001c086260000, 0x000001c088080000, 0x000001c095260000]
 total_blobs=16022 nmethods=15361 adapters=572
 compilation: enabled

Compilation events (10 events):
Event: 223.947 Thread 0x000001c0a4a2d000 nmethod 15719 0x000001c08807b090 code [0x000001c08807b1e0, 0x000001c08807b318]
Event: 223.955 Thread 0x000001c0a4a2d000 15723       1       java.lang.Class::getProtectionDomain (63 bytes)
Event: 223.956 Thread 0x000001c0a4a2d000 nmethod 15723 0x000001c08807b7d0 code [0x000001c08807b9a0, 0x000001c08807bd80]
Event: 224.161 Thread 0x000001c0a4a2d000 15725       1       java.util.IdentityHashMap::<init> (11 bytes)
Event: 224.162 Thread 0x000001c0a4a2d000 nmethod 15725 0x000001c08807bf90 code [0x000001c08807c0e0, 0x000001c08807c298]
Event: 224.165 Thread 0x000001c0a4a2d000 15726       1       java.lang.Package::getImplementationVersion (9 bytes)
Event: 224.165 Thread 0x000001c0a4a2d000 nmethod 15726 0x000001c08807c350 code [0x000001c08807c4a0, 0x000001c08807c5b8]
Event: 224.165 Thread 0x000001c0a4a2d000 15727       1       java.lang.Package::_jr$ig$implVersion (8 bytes)
Event: 224.165 Thread 0x000001c0a4a2d000 nmethod 15727 0x000001c08807c610 code [0x000001c08807c760, 0x000001c08807c898]
Event: 224.167 Thread 0x000001c0a4a2d000 15728   !   1       ch.qos.logback.classic.spi.STEUtil::_jr$ldcStackTraceElementProxy49d648fe17o192 (14 bytes)

GC Heap History (10 events):
Event: 182.190 GC heap before
{Heap before GC invocations=36 (full 3):
 PSYoungGen      total 743424K, used 730601K [0x000000076b500000, 0x00000007a4280000, 0x00000007c0000000)
  eden space 612864K, 99% used [0x000000076b500000,0x0000000790b5a198,0x0000000790b80000)
  from space 130560K, 90% used [0x0000000799c00000,0x00000007a0f20488,0x00000007a1b80000)
  to   space 147968K, 0% used [0x0000000790b80000,0x0000000790b80000,0x0000000799c00000)
 ParOldGen       total 275968K, used 99380K [0x00000006c1e00000, 0x00000006d2b80000, 0x000000076b500000)
  object space 275968K, 36% used [0x00000006c1e00000,0x00000006c7f0d110,0x00000006d2b80000)
 Metaspace       used 93693K, capacity 98020K, committed 98328K, reserved 1136640K
  class space    used 11338K, capacity 12006K, committed 12080K, reserved 1048576K
Event: 182.792 GC heap after
Heap after GC invocations=36 (full 3):
 PSYoungGen      total 760832K, used 124008K [0x000000076b500000, 0x00000007ab880000, 0x00000007c0000000)
  eden space 612864K, 0% used [0x000000076b500000,0x000000076b500000,0x0000000790b80000)
  from space 147968K, 83% used [0x0000000790b80000,0x000000079849a1e8,0x0000000799c00000)
  to   space 163840K, 0% used [0x00000007a1880000,0x00000007a1880000,0x00000007ab880000)
 ParOldGen       total 275968K, used 106444K [0x00000006c1e00000, 0x00000006d2b80000, 0x000000076b500000)
  object space 275968K, 38% used [0x00000006c1e00000,0x00000006c85f31f0,0x00000006d2b80000)
 Metaspace       used 93693K, capacity 98020K, committed 98328K, reserved 1136640K
  class space    used 11338K, capacity 12006K, committed 12080K, reserved 1048576K
}
Event: 193.398 GC heap before
{Heap before GC invocations=37 (full 3):
 PSYoungGen      total 760832K, used 736872K [0x000000076b500000, 0x00000007ab880000, 0x00000007c0000000)
  eden space 612864K, 100% used [0x000000076b500000,0x0000000790b80000,0x0000000790b80000)
  from space 147968K, 83% used [0x0000000790b80000,0x000000079849a1e8,0x0000000799c00000)
  to   space 163840K, 0% used [0x00000007a1880000,0x00000007a1880000,0x00000007ab880000)
 ParOldGen       total 275968K, used 106444K [0x00000006c1e00000, 0x00000006d2b80000, 0x000000076b500000)
  object space 275968K, 38% used [0x00000006c1e00000,0x00000006c85f31f0,0x00000006d2b80000)
 Metaspace       used 93697K, capacity 98020K, committed 98328K, reserved 1136640K
  class space    used 11338K, capacity 12006K, committed 12080K, reserved 1048576K
Event: 193.762 GC heap after
Heap after GC invocations=37 (full 3):
 PSYoungGen      total 876032K, used 122574K [0x000000076b500000, 0x00000007acc80000, 0x00000007c0000000)
  eden space 712192K, 0% used [0x000000076b500000,0x000000076b500000,0x0000000796c80000)
  from space 163840K, 74% used [0x00000007a1880000,0x00000007a9033b70,0x00000007ab880000)
  to   space 176128K, 0% used [0x0000000796c80000,0x0000000796c80000,0x00000007a1880000)
 ParOldGen       total 275968K, used 120029K [0x00000006c1e00000, 0x00000006d2b80000, 0x000000076b500000)
  object space 275968K, 43% used [0x00000006c1e00000,0x00000006c9337558,0x00000006d2b80000)
 Metaspace       used 93697K, capacity 98020K, committed 98328K, reserved 1136640K
  class space    used 11338K, capacity 12006K, committed 12080K, reserved 1048576K
}
Event: 202.951 GC heap before
{Heap before GC invocations=38 (full 3):
 PSYoungGen      total 876032K, used 834345K [0x000000076b500000, 0x00000007acc80000, 0x00000007c0000000)
  eden space 712192K, 99% used [0x000000076b500000,0x0000000796c16c78,0x0000000796c80000)
  from space 163840K, 74% used [0x00000007a1880000,0x00000007a9033b70,0x00000007ab880000)
  to   space 176128K, 0% used [0x0000000796c80000,0x0000000796c80000,0x00000007a1880000)
 ParOldGen       total 275968K, used 120029K [0x00000006c1e00000, 0x00000006d2b80000, 0x000000076b500000)
  object space 275968K, 43% used [0x00000006c1e00000,0x00000006c9337558,0x00000006d2b80000)
 Metaspace       used 93701K, capacity 98026K, committed 98328K, reserved 1136640K
  class space    used 11339K, capacity 12007K, committed 12080K, reserved 1048576K
Event: 203.439 GC heap after
Heap after GC invocations=38 (full 3):
 PSYoungGen      total 888320K, used 127692K [0x000000076b500000, 0x00000007b5280000, 0x00000007c0000000)
  eden space 712192K, 0% used [0x000000076b500000,0x000000076b500000,0x0000000796c80000)
  from space 176128K, 72% used [0x0000000796c80000,0x000000079e9331c0,0x00000007a1880000)
  to   space 186880K, 0% used [0x00000007a9c00000,0x00000007a9c00000,0x00000007b5280000)
 ParOldGen       total 275968K, used 131613K [0x00000006c1e00000, 0x00000006d2b80000, 0x000000076b500000)
  object space 275968K, 47% used [0x00000006c1e00000,0x00000006c9e877f8,0x00000006d2b80000)
 Metaspace       used 93701K, capacity 98026K, committed 98328K, reserved 1136640K
  class space    used 11339K, capacity 12007K, committed 12080K, reserved 1048576K
}
Event: 211.197 GC heap before
{Heap before GC invocations=39 (full 3):
 PSYoungGen      total 888320K, used 839884K [0x000000076b500000, 0x00000007b5280000, 0x00000007c0000000)
  eden space 712192K, 100% used [0x000000076b500000,0x0000000796c80000,0x0000000796c80000)
  from space 176128K, 72% used [0x0000000796c80000,0x000000079e9331c0,0x00000007a1880000)
  to   space 186880K, 0% used [0x00000007a9c00000,0x00000007a9c00000,0x00000007b5280000)
 ParOldGen       total 275968K, used 131613K [0x00000006c1e00000, 0x00000006d2b80000, 0x000000076b500000)
  object space 275968K, 47% used [0x00000006c1e00000,0x00000006c9e877f8,0x00000006d2b80000)
 Metaspace       used 93701K, capacity 98026K, committed 98328K, reserved 1136640K
  class space    used 11339K, capacity 12007K, committed 12080K, reserved 1048576K
Event: 212.617 GC heap after
Heap after GC invocations=39 (full 3):
 PSYoungGen      total 1015296K, used 125082K [0x000000076b500000, 0x00000007b6e80000, 0x00000007c0000000)
  eden space 828416K, 0% used [0x000000076b500000,0x000000076b500000,0x000000079de00000)
  from space 186880K, 66% used [0x00000007a9c00000,0x00000007b1626bb0,0x00000007b5280000)
  to   space 194560K, 0% used [0x000000079de00000,0x000000079de00000,0x00000007a9c00000)
 ParOldGen       total 275968K, used 145268K [0x00000006c1e00000, 0x00000006d2b80000, 0x000000076b500000)
  object space 275968K, 52% used [0x00000006c1e00000,0x00000006cabdd1b8,0x00000006d2b80000)
 Metaspace       used 93701K, capacity 98026K, committed 98328K, reserved 1136640K
  class space    used 11339K, capacity 12007K, committed 12080K, reserved 1048576K
}
Event: 219.461 GC heap before
{Heap before GC invocations=40 (full 3):
 PSYoungGen      total 1015296K, used 953043K [0x000000076b500000, 0x00000007b6e80000, 0x00000007c0000000)
  eden space 828416K, 99% used [0x000000076b500000,0x000000079dd8e098,0x000000079de00000)
  from space 186880K, 66% used [0x00000007a9c00000,0x00000007b1626bb0,0x00000007b5280000)
  to   space 194560K, 0% used [0x000000079de00000,0x000000079de00000,0x00000007a9c00000)
 ParOldGen       total 275968K, used 145268K [0x00000006c1e00000, 0x00000006d2b80000, 0x000000076b500000)
  object space 275968K, 52% used [0x00000006c1e00000,0x00000006cabdd1b8,0x00000006d2b80000)
 Metaspace       used 93701K, capacity 98026K, committed 98328K, reserved 1136640K
  class space    used 11339K, capacity 12007K, committed 12080K, reserved 1048576K
Event: 219.584 GC heap after
Heap after GC invocations=40 (full 3):
 PSYoungGen      total 1022976K, used 126490K [0x000000076b500000, 0x00000007b6e80000, 0x00000007c0000000)
  eden space 828416K, 0% used [0x000000076b500000,0x000000076b500000,0x000000079de00000)
  from space 194560K, 65% used [0x000000079de00000,0x00000007a5986880,0x00000007a9c00000)
  to   space 186880K, 0% used [0x00000007a9c00000,0x00000007a9c00000,0x00000007b5280000)
 ParOldGen       total 275968K, used 156904K [0x00000006c1e00000, 0x00000006d2b80000, 0x000000076b500000)
  object space 275968K, 56% used [0x00000006c1e00000,0x00000006cb73a048,0x00000006d2b80000)
 Metaspace       used 93701K, capacity 98026K, committed 98328K, reserved 1136640K
  class space    used 11339K, capacity 12007K, committed 12080K, reserved 1048576K
}

Deoptimization events (0 events):
No events

Classes redefined (10 events):
Event: 20.211 Thread 0x000001c09f588800 redefined class name=java.util.ResourceBundle, count=2
Event: 20.277 Thread 0x000001c09f588800 redefined class name=javax.net.ssl.SSLSocketFactory, count=1
Event: 20.356 Thread 0x000001c09f588800 redefined class name=java.lang.SecurityManager, count=3
Event: 20.450 Thread 0x000001c09f588800 redefined class name=java.lang.invoke.InnerClassLambdaMetafactory, count=2
Event: 20.499 Thread 0x000001c09f588800 redefined class name=javax.net.ssl.HttpsURLConnection, count=1
Event: 20.590 Thread 0x000001c09f588800 redefined class name=java.lang.reflect.Proxy, count=1
Event: 20.701 Thread 0x000001c09f588800 redefined class name=java.lang.Throwable, count=2
Event: 20.898 Thread 0x000001c09f588800 redefined class name=java.lang.Thread, count=2
Event: 20.957 Thread 0x000001c09f588800 redefined class name=sun.net.www.protocol.http.HttpURLConnection$HttpInputStream, count=1
Event: 21.516 Thread 0x000001c09f588800 redefined class name=sun.net.www.protocol.http.HttpURLConnection, count=1

Internal exceptions (10 events):
Event: 223.868 Thread 0x000001c0aa1f6000 Exception <a 'java/lang/OutOfMemoryError'> (0x000000078610b5b8) thrown at [C:\wsjdk\Corretto8Src\installers\windows\zip\corretto-build\buildRoot\hotspot\src\share\vm\prims\unsafe.cpp, line 626]
Event: 223.868 Thread 0x000001c0aa1f6000 Exception <a 'java/lang/OutOfMemoryError'> (0x000000078610b5b8) thrown at [C:\wsjdk\Corretto8Src\installers\windows\zip\corretto-build\buildRoot\hotspot\src\share\vm\prims\jni.cpp, line 709]
Event: 223.925 Thread 0x000001c0aa1f6000 Exception <a 'java/lang/OutOfMemoryError'> (0x00000007861bc4d0) thrown at [C:\wsjdk\Corretto8Src\installers\windows\zip\corretto-build\buildRoot\hotspot\src\share\vm\prims\unsafe.cpp, line 626]
Event: 223.925 Thread 0x000001c0aa1f6000 Exception <a 'java/lang/OutOfMemoryError'> (0x00000007861bc4d0) thrown at [C:\wsjdk\Corretto8Src\installers\windows\zip\corretto-build\buildRoot\hotspot\src\share\vm\prims\jni.cpp, line 709]
Event: 223.943 Thread 0x000001c0aa84c800 Exception <a 'java/lang/OutOfMemoryError'> (0x00000007869de288) thrown at [C:\wsjdk\Corretto8Src\installers\windows\zip\corretto-build\buildRoot\hotspot\src\share\vm\prims\jni.cpp, line 736]
Event: 223.952 Thread 0x000001c0aa1f4800 Exception <a 'java/lang/OutOfMemoryError'> (0x0000000781bb6d50) thrown at [C:\wsjdk\Corretto8Src\installers\windows\zip\corretto-build\buildRoot\hotspot\src\share\vm\prims\unsafe.cpp, line 626]
Event: 223.952 Thread 0x000001c0aa1f4800 Exception <a 'java/lang/OutOfMemoryError'> (0x0000000781bb6d50) thrown at [C:\wsjdk\Corretto8Src\installers\windows\zip\corretto-build\buildRoot\hotspot\src\share\vm\prims\jni.cpp, line 709]
Event: 224.164 Thread 0x000001c0aa1f0000 Exception <a 'java/lang/OutOfMemoryError'> (0x00000007887f4b30) thrown at [C:\wsjdk\Corretto8Src\installers\windows\zip\corretto-build\buildRoot\hotspot\src\share\vm\prims\jni.cpp, line 736]
Event: 224.165 Thread 0x000001c0aa84c800 Exception <a 'java/lang/OutOfMemoryError'> (0x0000000786b59fc8) thrown at [C:\wsjdk\Corretto8Src\installers\windows\zip\corretto-build\buildRoot\hotspot\src\share\vm\prims\jni.cpp, line 736]
Event: 224.166 Thread 0x000001c0a4a33000 Exception <a 'java/lang/OutOfMemoryError'> (0x0000000785266840) thrown at [C:\wsjdk\Corretto8Src\installers\windows\zip\corretto-build\buildRoot\hotspot\src\share\vm\prims\jni.cpp, line 736]

Events (10 events):
Event: 223.956 loading class reactor/core/Exceptions$ReactiveException done
Event: 223.961 loading class reactor/core/Exceptions$ErrorCallbackNotImplemented
Event: 223.961 loading class reactor/core/Exceptions$ErrorCallbackNotImplemented done
Event: 223.964 loading class reactor/netty/http/client/RedirectClientException
Event: 223.964 loading class reactor/netty/http/client/RedirectClientException done
Event: 224.139 loading class io/netty/handler/ssl/SslClosedEngineException
Event: 224.141 loading class io/netty/handler/ssl/SslClosedEngineException done
Event: 224.144 Executing VM operation: RevokeBias
Event: 224.147 Executing VM operation: RevokeBias done
Event: 224.167 Executing VM operation: BulkRevokeBias


Dynamic libraries:
0x00007ff711a00000 - 0x00007ff711a46000 	C:\Users\26449\.jdks\corretto-1.8.0_392\bin\java.exe
0x00007ff936890000 - 0x00007ff936aa7000 	C:\WINDOWS\SYSTEM32\ntdll.dll
0x00007ff935310000 - 0x00007ff9353d4000 	C:\WINDOWS\System32\KERNEL32.DLL
0x00007ff933c00000 - 0x00007ff933fa5000 	C:\WINDOWS\System32\KERNELBASE.dll
0x00007ff9363f0000 - 0x00007ff9364a1000 	C:\WINDOWS\System32\ADVAPI32.dll
0x00007ff9361f0000 - 0x00007ff936297000 	C:\WINDOWS\System32\msvcrt.dll
0x00007ff9362a0000 - 0x00007ff936346000 	C:\WINDOWS\System32\sechost.dll
0x00007ff934bf0000 - 0x00007ff934d07000 	C:\WINDOWS\System32\RPCRT4.dll
0x00007ff934d30000 - 0x00007ff934ede000 	C:\WINDOWS\System32\USER32.dll
0x00007ff934140000 - 0x00007ff934166000 	C:\WINDOWS\System32\win32u.dll
0x00007ff9346e0000 - 0x00007ff934709000 	C:\WINDOWS\System32\GDI32.dll
0x00007ff934020000 - 0x00007ff934139000 	C:\WINDOWS\System32\gdi32full.dll
0x00007ff934540000 - 0x00007ff9345da000 	C:\WINDOWS\System32\msvcp_win.dll
0x00007ff934170000 - 0x00007ff934281000 	C:\WINDOWS\System32\ucrtbase.dll
0x00007ff922780000 - 0x00007ff922a13000 	C:\WINDOWS\WinSxS\amd64_microsoft.windows.common-controls_6595b64144ccf1df_6.0.22621.2506_none_270c5ae97388e100\COMCTL32.dll
0x00007ff9363b0000 - 0x00007ff9363e1000 	C:\WINDOWS\System32\IMM32.DLL
0x00007ff8fd9d0000 - 0x00007ff8fd9e5000 	C:\Users\26449\.jdks\corretto-1.8.0_392\jre\bin\vcruntime140.dll
0x00007ff8d22f0000 - 0x00007ff8d238b000 	C:\Users\26449\.jdks\corretto-1.8.0_392\jre\bin\msvcp140.dll
0x0000000070370000 - 0x0000000070bcd000 	C:\Users\26449\.jdks\corretto-1.8.0_392\jre\bin\server\jvm.dll
0x00007ff9360f0000 - 0x00007ff9360f8000 	C:\WINDOWS\System32\PSAPI.DLL
0x00007ff924a60000 - 0x00007ff924a6a000 	C:\WINDOWS\SYSTEM32\VERSION.dll
0x00007ff923cd0000 - 0x00007ff923cd9000 	C:\WINDOWS\SYSTEM32\WSOCK32.dll
0x00007ff92cdc0000 - 0x00007ff92cdf4000 	C:\WINDOWS\SYSTEM32\WINMM.dll
0x00007ff934f00000 - 0x00007ff934f71000 	C:\WINDOWS\System32\WS2_32.dll
0x00007ff932c50000 - 0x00007ff932c68000 	C:\WINDOWS\SYSTEM32\kernel.appcore.dll
0x00007ff92a280000 - 0x00007ff92a290000 	C:\Users\26449\.jdks\corretto-1.8.0_392\jre\bin\verify.dll
0x00007ff8d43d0000 - 0x00007ff8d43fb000 	C:\Users\26449\.jdks\corretto-1.8.0_392\jre\bin\java.dll
0x00007ff901450000 - 0x00007ff901482000 	C:\Users\26449\.jdks\corretto-1.8.0_392\jre\bin\instrument.dll
0x00007ff8fffc0000 - 0x00007ff90000e000 	C:\Users\26449\AppData\Roaming\JetBrains\IntelliJIdea2023.2\plugins\jr-ide-idea\lib\jrebel6\lib\jrebel64.dll
0x00007ff9356f0000 - 0x00007ff935f49000 	C:\WINDOWS\System32\SHELL32.dll
0x00007ff935430000 - 0x00007ff935523000 	C:\WINDOWS\System32\shcore.dll
0x00007ff8fd950000 - 0x00007ff8fd968000 	C:\Users\26449\.jdks\corretto-1.8.0_392\jre\bin\zip.dll
0x00007ff931ae0000 - 0x00007ff9323d4000 	C:\WINDOWS\SYSTEM32\windows.storage.dll
0x00007ff9364c0000 - 0x00007ff936849000 	C:\WINDOWS\System32\combase.dll
0x00007ff9319a0000 - 0x00007ff931ade000 	C:\WINDOWS\SYSTEM32\wintypes.dll
0x00007ff934710000 - 0x00007ff93476e000 	C:\WINDOWS\System32\shlwapi.dll
0x00007ff933b30000 - 0x00007ff933b56000 	C:\WINDOWS\SYSTEM32\profapi.dll
0x00007ff8d4000000 - 0x00007ff8d401c000 	C:\Users\26449\.jdks\corretto-1.8.0_392\jre\bin\net.dll
0x00007ff933130000 - 0x00007ff933199000 	C:\WINDOWS\system32\mswsock.dll
0x00007ff90d600000 - 0x00007ff90d613000 	C:\Users\26449\.jdks\corretto-1.8.0_392\jre\bin\nio.dll
0x00007ff923410000 - 0x00007ff92341d000 	C:\Users\26449\.jdks\corretto-1.8.0_392\jre\bin\management.dll
0x00007ff905fa0000 - 0x00007ff905fc4000 	C:\Users\26449\.jdks\corretto-1.8.0_392\jre\bin\sunec.dll
0x00007ff905f80000 - 0x00007ff905f9b000 	C:\Users\26449\.jrebel\jrebel-temp\ver-4f7196ff\IdeaWin64.dll
0x00007ff920a90000 - 0x00007ff920a9d000 	C:\Users\26449\.jdks\corretto-1.8.0_392\jre\bin\sunmscapi.dll
0x00007ff934290000 - 0x00007ff9343f6000 	C:\WINDOWS\System32\CRYPT32.dll
0x00007ff933580000 - 0x00007ff9335ad000 	C:\WINDOWS\SYSTEM32\ncrypt.dll
0x00007ff933540000 - 0x00007ff933577000 	C:\WINDOWS\SYSTEM32\NTASN1.dll
0x00007ff9333a0000 - 0x00007ff9333bb000 	C:\WINDOWS\SYSTEM32\CRYPTSP.dll
0x00007ff932c10000 - 0x00007ff932c45000 	C:\WINDOWS\system32\rsaenh.dll
0x00007ff933210000 - 0x00007ff93323c000 	C:\WINDOWS\SYSTEM32\USERENV.dll
0x00007ff9335b0000 - 0x00007ff9335d8000 	C:\WINDOWS\SYSTEM32\bcrypt.dll
0x00007ff934400000 - 0x00007ff93447a000 	C:\WINDOWS\System32\bcryptprimitives.dll
0x00007ff9333c0000 - 0x00007ff9333cc000 	C:\WINDOWS\SYSTEM32\CRYPTBASE.dll
0x00007ff9326b0000 - 0x00007ff9326dd000 	C:\WINDOWS\SYSTEM32\IPHLPAPI.DLL
0x00007ff9361e0000 - 0x00007ff9361e9000 	C:\WINDOWS\System32\NSI.dll
0x00007ff92beb0000 - 0x00007ff92bec9000 	C:\WINDOWS\SYSTEM32\dhcpcsvc6.DLL
0x00007ff92bc20000 - 0x00007ff92bc3f000 	C:\WINDOWS\SYSTEM32\dhcpcsvc.DLL
0x00007ff932720000 - 0x00007ff932819000 	C:\WINDOWS\SYSTEM32\DNSAPI.dll
0x00007ff92b2d0000 - 0x00007ff92b2da000 	C:\Windows\System32\rasadhlp.dll
0x00007ff92a440000 - 0x00007ff92a4c3000 	C:\WINDOWS\System32\fwpuclnt.dll
0x00007ff9044b0000 - 0x00007ff9044ca000 	D:\IntelliJ IDEA 2023.1.1\bin\breakgen64.dll
0x00007ff91ca80000 - 0x00007ff91ca97000 	C:\WINDOWS\system32\napinsp.dll
0x00007ff91ca60000 - 0x00007ff91ca7b000 	C:\WINDOWS\system32\pnrpnsp.dll
0x00007ff91ca40000 - 0x00007ff91ca51000 	C:\WINDOWS\System32\winrnr.dll
0x00007ff92bc40000 - 0x00007ff92bc55000 	C:\WINDOWS\system32\wshbth.dll
0x00007ff91c950000 - 0x00007ff91c971000 	C:\WINDOWS\system32\nlansp_c.dll

VM Arguments:
jvm_args: -Drebel.base=C:\Users\26449\.jrebel -Drebel.env.ide.plugin.version=2023.4.1 -Drebel.env.ide.version=2023.2.5 -Drebel.env.ide.product=IU -Drebel.env.ide=intellij -Drebel.notification.url=http://localhost:17434 -javaagent:C:\Users\26449\AppData\Roaming\JetBrains\IntelliJIdea2023.2\plugins\jr-ide-idea\lib\xrebel\xrebel.jar -agentpath:C:\Users\26449\AppData\Roaming\JetBrains\IntelliJIdea2023.2\plugins\jr-ide-idea\lib\jrebel6\lib\jrebel64.dll -Dvisualvm.id=520447977293500 -Dvisualvm.id=520447977091000 -XX:TieredStopAtLevel=1 -Xverify:none -Dspring.output.ansi.enabled=always -Dcom.sun.management.jmxremote -Dspring.jmx.enabled=true -Dspring.liveBeansView.mbeanDomain -Dspring.application.admin.enabled=true -Dmanagement.endpoints.jmx.exposure.include=* -javaagent:D:\IntelliJ IDEA 2023.1.1\lib\idea_rt.jar=54838:D:\IntelliJ IDEA 2023.1.1\bin -Dfile.encoding=UTF-8 
java_command: com.gateway.GulimallGatewayApplication
java_class_path (initial): C:\Users\26449\.jdks\corretto-1.8.0_392\jre\lib\charsets.jar;C:\Users\26449\.jdks\corretto-1.8.0_392\jre\lib\ext\access-bridge-64.jar;C:\Users\26449\.jdks\corretto-1.8.0_392\jre\lib\ext\cldrdata.jar;C:\Users\26449\.jdks\corretto-1.8.0_392\jre\lib\ext\dnsns.jar;C:\Users\26449\.jdks\corretto-1.8.0_392\jre\lib\ext\jaccess.jar;C:\Users\26449\.jdks\corretto-1.8.0_392\jre\lib\ext\jfxrt.jar;C:\Users\26449\.jdks\corretto-1.8.0_392\jre\lib\ext\localedata.jar;C:\Users\26449\.jdks\corretto-1.8.0_392\jre\lib\ext\nashorn.jar;C:\Users\26449\.jdks\corretto-1.8.0_392\jre\lib\ext\sunec.jar;C:\Users\26449\.jdks\corretto-1.8.0_392\jre\lib\ext\sunjce_provider.jar;C:\Users\26449\.jdks\corretto-1.8.0_392\jre\lib\ext\sunmscapi.jar;C:\Users\26449\.jdks\corretto-1.8.0_392\jre\lib\ext\sunpkcs11.jar;C:\Users\26449\.jdks\corretto-1.8.0_392\jre\lib\ext\zipfs.jar;C:\Users\26449\.jdks\corretto-1.8.0_392\jre\lib\jce.jar;C:\Users\26449\.jdks\corretto-1.8.0_392\jre\lib\jfr.jar;C:\Users\26449\.jdks\corretto-1.8.0_392\jre\lib\jfxswt.jar;C:\Users\26449\.jdks\corretto-1.8.0_392\jre\lib\jsse.jar;C:\Users\26449\.jdks\corretto-1.8.0_392\jre\lib\management-agent.jar;C:\Users\26449\.jdks\corretto-1.8.0_392\jre\lib\resources.jar;C:\Users\26449\.jdks\corretto-1.8.0_392\jre\lib\rt.jar;C:\Users\26449\IdeaProjects\gulimall\gulimall-gateway\target\classes;C:\Users\26449\.m2\repository\org\springframework\cloud\spring-cloud-starter-gateway\3.1.8\spring-cloud-starter-gateway-3.1.8.jar;C:\Users\26449\.m2\repository\org\springframework\cloud\spring-cloud-starter\3.1.7\spring-cloud-starter-3.1.7.jar;C:\Users\26449\.m2\repository\org\springframework\cloud\spring-cloud-context\3.1.7\spring-cloud-context-3.1.7.jar;C:\Users\26449\.m2\repository\org\springframework\security\spring-security-crypto\5.7.9\spring-security-crypto-5.7.9.jar;C:\Users\26449\.m2\repository\org\springframework\cloud\spring-cloud-commons\3.1.7\spring-cloud-commons-3.1.7.jar;C:\Users\26449\.m2\repository\org\springframework
Launcher Type: SUN_STANDARD

Environment Variables:
PATH=D:\VMware Workstation\bin\;C:\Program Files (x86)\Common Files\Oracle\Java\javapath;C:\Program Files\Java\jdk-17\bin;C:\WINDOWS\system32;C:\WINDOWS;C:\WINDOWS\System32\Wbem;C:\WINDOWS\System32\WindowsPowerShell\v1.0\;C:\WINDOWS\System32\OpenSSH\;D:\Xftp7\;D:\Xshell\;C:\Program Files\Git\cmd;D:\nodejs\;C:\Users\26449\.windows-build-tools\python27\;C:\Users\26449\AppData\Local\Microsoft\WindowsApps;;D:\IntelliJ IDEA 2023.1.1\bin;;D:\Microsoft VS Code\bin;C:\Users\26449\AppData\Roaming\npm
USERNAME=123
OS=Windows_NT
PROCESSOR_IDENTIFIER=Intel64 Family 6 Model 142 Stepping 10, GenuineIntel



---------------  S Y S T E M  ---------------

OS: Windows 11 , 64 bit Build 22621 (10.0.22621.2506)

CPU:total 8 (initial active 8) (4 cores per cpu, 2 threads per core) family 6 model 142 stepping 10, cmov, cx8, fxsr, mmx, sse, sse2, sse3, ssse3, sse4.1, sse4.2, popcnt, avx, avx2, aes, clmul, erms, 3dnowpref, lzcnt, ht, tsc, tscinvbit, bmi1, bmi2, adx

Memory: 4k page, physical 16651660k(360700k free), swap 29533996k(0k free)

vm_info: OpenJDK 64-Bit Server VM (25.392-b08) for windows-amd64 JRE (1.8.0_392-b08), built on Oct 16 2023 22:02:46 by "Administrator" with MS VC++ 15.9 (VS2017)

time: Fri Nov 24 21:07:39 2023
timezone: Intel64 Family 6 Model 142 Stepping 10, GenuineIntel
elapsed time: 224.202731 seconds (0d 0h 3m 44s)

