#
# There is insufficient memory for the Java Runtime Environment to continue.
# Native memory allocation (malloc) failed to allocate 32744 bytes for ChunkPool::allocate
# Possible reasons:
#   The system is out of physical RAM or swap space
#   The process is running with CompressedOops enabled, and the Java Heap may be blocking the growth of the native heap
# Possible solutions:
#   Reduce memory load on the system
#   Increase physical memory or swap space
#   Check if swap backing store is full
#   Decrease Java heap size (-Xmx/-Xms)
#   Decrease number of Java threads
#   Decrease Java thread stack sizes (-Xss)
#   Set larger code cache with -XX:ReservedCodeCacheSize=
#   JVM is running with Zero Based Compressed Oops mode in which the Java heap is
#     placed in the first 32GB address space. The Java Heap base address is the
#     maximum limit for the native heap growth. Please use -XX:HeapBaseMinAddress
#     to set the Java Heap base and to place the Java Heap above 32GB virtual address.
# This output file may be truncated or incomplete.
#
#  Out of Memory Error (allocation.cpp:272), pid=53580, tid=0x000000000000cc04
#
# JRE version: OpenJDK Runtime Environment (8.0_392-b08) (build 1.8.0_392-b08)
# Java VM: OpenJDK 64-Bit Server VM (25.392-b08 mixed mode windows-amd64 compressed oops)
# Failed to write core dump. Minidumps are not enabled by default on client versions of Windows
#

---------------  T H R E A D  ---------------

Current thread (0x00000205c93e8000):  VMThread [stack: 0x0000000bd6800000,0x0000000bd6900000] [id=52228]

Stack: [0x0000000bd6800000,0x0000000bd6900000]
[error occurred during error reporting (printing stack bounds), id 0xc0000005]

Native frames: (J=compiled Java code, j=interpreted, Vv=VM code, C=native code)

VM_Operation (0x0000000bdb3fd330): BulkRevokeBias, mode: safepoint, requested by thread 0x00000205d5bdc000


---------------  P R O C E S S  ---------------

Java Threads: ( => current thread )
  0x00000205d5577800 JavaThread "xrebel-Thread-117" daemon [_thread_blocked, id=51520, stack(0x0000000bdbd00000,0x0000000bdbe00000)]
  0x00000205d556b800 JavaThread "xrebel-Thread-116" daemon [_thread_blocked, id=41032, stack(0x0000000bdbc00000,0x0000000bdbd00000)]
  0x00000205d5572800 JavaThread "xrebel-Thread-115" daemon [_thread_blocked, id=51976, stack(0x0000000bdbb00000,0x0000000bdbc00000)]
  0x00000205d5571000 JavaThread "xrebel-Thread-114" daemon [_thread_blocked, id=57328, stack(0x0000000bdba00000,0x0000000bdbb00000)]
  0x00000205d556e000 JavaThread "xrebel-Thread-113" daemon [_thread_blocked, id=57352, stack(0x0000000bdb900000,0x0000000bdba00000)]
  0x00000205d556d000 JavaThread "Thread-112" daemon [_thread_in_native, id=52872, stack(0x0000000bdb800000,0x0000000bdb900000)]
  0x00000205d5be0000 JavaThread "reactor-http-nio-8" daemon [_thread_blocked, id=52980, stack(0x0000000bdb700000,0x0000000bdb800000)]
  0x00000205d5bdf000 JavaThread "reactor-http-nio-7" daemon [_thread_blocked, id=48692, stack(0x0000000bdb600000,0x0000000bdb700000)]
  0x00000205d5bdd000 JavaThread "reactor-http-nio-6" daemon [_thread_blocked, id=8832, stack(0x0000000bdb500000,0x0000000bdb600000)]
  0x00000205d5be1800 JavaThread "reactor-http-nio-5" daemon [_thread_blocked, id=53872, stack(0x0000000bdb400000,0x0000000bdb500000)]
  0x00000205d5bdc000 JavaThread "reactor-http-nio-4" daemon [_thread_blocked, id=47532, stack(0x0000000bdb300000,0x0000000bdb400000)]
  0x00000205d5bdb800 JavaThread "reactor-http-nio-3" daemon [_thread_in_native, id=40516, stack(0x0000000bdb200000,0x0000000bdb300000)]
  0x00000205d2bbb000 JavaThread "reactor-http-nio-2" daemon [_thread_blocked, id=46460, stack(0x0000000bdb100000,0x0000000bdb200000)]
  0x00000205d2bb3800 JavaThread "logback-8" daemon [_thread_blocked, id=47720, stack(0x0000000bdb000000,0x0000000bdb100000)]
  0x00000205d41bd800 JavaThread "com.alibaba.nacos.client.Worker.longPolling.fixed-47.99.142.201_8848-d17699a3-303b-4e59-a951-1acca6dec703" daemon [_thread_blocked, id=49644, stack(0x0000000bdaf00000,0x0000000bdb000000)]
  0x00000205d41c0800 JavaThread "logback-7" daemon [_thread_blocked, id=52528, stack(0x0000000bdae00000,0x0000000bdaf00000)]
  0x00000205d41c3000 JavaThread "com.alibaba.nacos.client.Worker.longPolling.fixed-47.99.142.201_8848-d17699a3-303b-4e59-a951-1acca6dec703" daemon [_thread_blocked, id=57464, stack(0x0000000bd9600000,0x0000000bd9700000)]
  0x00000205d41c0000 JavaThread "logback-6" daemon [_thread_blocked, id=58196, stack(0x0000000bdad00000,0x0000000bdae00000)]
  0x00000205d41b9800 JavaThread "com.alibaba.nacos.client.Worker.longPolling.fixed-47.99.142.201_8848-d17699a3-303b-4e59-a951-1acca6dec703" daemon [_thread_in_native, id=55452, stack(0x0000000bda500000,0x0000000bda600000)]
  0x00000205d41bf000 JavaThread "logback-5" daemon [_thread_blocked, id=55176, stack(0x0000000bda400000,0x0000000bda500000)]
  0x00000205d41b8000 JavaThread "com.alibaba.nacos.client.Worker.longPolling.fixed-47.99.142.201_8848-d17699a3-303b-4e59-a951-1acca6dec703" daemon [_thread_blocked, id=57376, stack(0x0000000bd9800000,0x0000000bd9900000)]
  0x00000205d41be800 JavaThread "logback-4" daemon [_thread_blocked, id=58216, stack(0x0000000bda000000,0x0000000bda100000)]
  0x00000205d41b5000 JavaThread "com.alibaba.nacos.client.Worker.longPolling.fixed-47.99.142.201_8848-d17699a3-303b-4e59-a951-1acca6dec703" daemon [_thread_blocked, id=54308, stack(0x0000000bdac00000,0x0000000bdad00000)]
  0x00000205d41b6800 JavaThread "logback-3" daemon [_thread_blocked, id=51992, stack(0x0000000bdab00000,0x0000000bdac00000)]
  0x00000205d41ba800 JavaThread "com.alibaba.nacos.client.Worker.longPolling.fixed-47.99.142.201_8848-d17699a3-303b-4e59-a951-1acca6dec703" daemon [_thread_blocked, id=54312, stack(0x0000000bdaa00000,0x0000000bdab00000)]
  0x00000205d41bb000 JavaThread "xrebel-error-reporter" daemon [_thread_blocked, id=53772, stack(0x0000000bda900000,0x0000000bdaa00000)]
  0x00000205d41bc800 JavaThread "logback-2" daemon [_thread_blocked, id=51440, stack(0x0000000bda800000,0x0000000bda900000)]
  0x00000205d41b4000 JavaThread "com.alibaba.nacos.naming.beat.sender" daemon [_thread_blocked, id=46100, stack(0x0000000bda700000,0x0000000bda800000)]
  0x00000205d41b9000 JavaThread "com.alibaba.nacos.naming.beat.sender" daemon [_thread_blocked, id=44324, stack(0x0000000bda600000,0x0000000bda700000)]
  0x00000205d41b5800 JavaThread "com.alibaba.nacos.client.Worker.longPolling.fixed-47.99.142.201_8848-d17699a3-303b-4e59-a951-1acca6dec703" daemon [_thread_blocked, id=48200, stack(0x0000000bda300000,0x0000000bda400000)]
  0x00000205d41b7000 JavaThread "com.alibaba.nacos.client.Worker.longPolling.fixed-47.99.142.201_8848-d17699a3-303b-4e59-a951-1acca6dec703" daemon [_thread_blocked, id=37092, stack(0x0000000bda200000,0x0000000bda300000)]
  0x00000205cea58800 JavaThread "DestroyJavaVM" [_thread_blocked, id=49708, stack(0x0000000bd5f00000,0x0000000bd6000000)]
  0x00000205d451b000 JavaThread "com.alibaba.nacos.naming.beat.sender" daemon [_thread_blocked, id=41112, stack(0x0000000bda100000,0x0000000bda200000)]
  0x00000205d4516000 JavaThread "com.alibaba.nacos.naming.beat.sender" daemon [_thread_blocked, id=51436, stack(0x0000000bd5e00000,0x0000000bd5f00000)]
  0x00000205d4515800 JavaThread "server" [_thread_blocked, id=56352, stack(0x0000000bd5d00000,0x0000000bd5e00000)]
  0x00000205d4514800 JavaThread "reactor-http-nio-1" daemon [_thread_blocked, id=49020, stack(0x0000000bd5c00000,0x0000000bd5d00000)]
  0x00000205d4514000 JavaThread "ThreadPoolTaskScheduler-1" [_thread_blocked, id=46260, stack(0x0000000bd9f00000,0x0000000bda000000)]
  0x00000205d450c000 JavaThread "com.alibaba.nacos.naming.push.receiver" daemon [_thread_in_native, id=55376, stack(0x0000000bd9e00000,0x0000000bd9f00000)]
  0x00000205d450e800 JavaThread "com.alibaba.nacos.naming.failover" daemon [_thread_blocked, id=45536, stack(0x0000000bd9d00000,0x0000000bd9e00000)]
  0x00000205d450f000 JavaThread "com.alibaba.nacos.naming.client.listener" daemon [_thread_blocked, id=51720, stack(0x0000000bd9c00000,0x0000000bd9d00000)]
  0x00000205d2bae000 JavaThread "spring.cloud.inetutils" daemon [_thread_blocked, id=53244, stack(0x0000000bd9a00000,0x0000000bd9b00000)]
  0x00000205d2bac800 JavaThread "boundedElastic-evictor-1" daemon [_thread_blocked, id=47068, stack(0x0000000bd9b00000,0x0000000bd9c00000)]
  0x00000205cea50000 JavaThread "com.alibaba.nacos.client.Worker.fixed-47.99.142.201_8848-d17699a3-303b-4e59-a951-1acca6dec703" daemon [_thread_blocked, id=272, stack(0x0000000bd9900000,0x0000000bd9a00000)]
  0x00000205cea56000 JavaThread "Timer-0" daemon [_thread_blocked, id=46452, stack(0x0000000bd9700000,0x0000000bd9800000)]
  0x00000205cea55800 JavaThread "logback-1" daemon [_thread_blocked, id=41588, stack(0x0000000bd8b00000,0x0000000bd8c00000)]
  0x00000205cea50800 JavaThread "RMI Scheduler(0)" daemon [_thread_blocked, id=57540, stack(0x0000000bd9500000,0x0000000bd9600000)]
  0x00000205cea4e800 JavaThread "RMI TCP Accept-0" daemon [_thread_in_native, id=42908, stack(0x0000000bd9200000,0x0000000bd9300000)]
  0x00000205cea4c800 JavaThread "Service Thread" daemon [_thread_blocked, id=57856, stack(0x0000000bd9100000,0x0000000bd9200000)]
  0x00000205cea5c000 JavaThread "C1 CompilerThread3" daemon [_thread_blocked, id=52964, stack(0x0000000bd9000000,0x0000000bd9100000)]
  0x00000205cea5b000 JavaThread "C2 CompilerThread2" daemon [_thread_blocked, id=52428, stack(0x0000000bd8f00000,0x0000000bd9000000)]
  0x00000205cea5a800 JavaThread "C2 CompilerThread1" daemon [_thread_blocked, id=42000, stack(0x0000000bd8e00000,0x0000000bd8f00000)]
  0x00000205cea48800 JavaThread "C2 CompilerThread0" daemon [_thread_blocked, id=7516, stack(0x0000000bd8d00000,0x0000000bd8e00000)]
  0x00000205cea4f000 JavaThread "Monitor Ctrl-Break" daemon [_thread_in_native, id=45488, stack(0x0000000bd8c00000,0x0000000bd8d00000)]
  0x00000205cc7a5000 JavaThread "xrebel-Thread-16" daemon [_thread_blocked, id=53648, stack(0x0000000bd8a00000,0x0000000bd8b00000)]
  0x00000205cc7a5800 JavaThread "xrebel-Thread-15" daemon [_thread_blocked, id=48980, stack(0x0000000bd8900000,0x0000000bd8a00000)]
  0x00000205cc7a7000 JavaThread "xrebel-Thread-14" daemon [_thread_blocked, id=53424, stack(0x0000000bd8800000,0x0000000bd8900000)]
  0x00000205cc7a4000 JavaThread "xrebel-Thread-13" daemon [_thread_blocked, id=56736, stack(0x0000000bd8700000,0x0000000bd8800000)]
  0x00000205cc7a3000 JavaThread "xrebel-Thread-12" daemon [_thread_blocked, id=52396, stack(0x0000000bd8600000,0x0000000bd8700000)]
  0x00000205cc7a2800 JavaThread "xrebel-Thread-11" daemon [_thread_blocked, id=11148, stack(0x0000000bd8500000,0x0000000bd8600000)]
  0x00000205cc7a6800 JavaThread "xrebel-Thread-10" daemon [_thread_blocked, id=39648, stack(0x0000000bd8400000,0x0000000bd8500000)]
  0x00000205cc7a8000 JavaThread "xrebel-Thread-9" daemon [_thread_blocked, id=51748, stack(0x0000000bd8300000,0x0000000bd8400000)]
  0x00000205cc79a800 JavaThread "xrebel-Thread-8" daemon [_thread_blocked, id=53112, stack(0x0000000bd8200000,0x0000000bd8300000)]
  0x00000205cc7a1800 JavaThread "xrebel-Thread-7" daemon [_thread_blocked, id=39472, stack(0x0000000bd8100000,0x0000000bd8200000)]
  0x00000205cc7a1000 JavaThread "xrebel-Thread-6" daemon [_thread_blocked, id=8560, stack(0x0000000bd8000000,0x0000000bd8100000)]
  0x00000205cc799000 JavaThread "xrebel-Thread-5" daemon [_thread_blocked, id=56360, stack(0x0000000bd7f00000,0x0000000bd8000000)]
  0x00000205cc79d800 JavaThread "BusyLoopTime" daemon [_thread_blocked, id=13592, stack(0x0000000bd7100000,0x0000000bd7200000)]
  0x00000205cc79d000 JavaThread "rebel-logger" daemon [_thread_blocked, id=55304, stack(0x0000000bd7d00000,0x0000000bd7e00000)]
  0x00000205cc79c000 JavaThread "rebel-build-info" daemon [_thread_in_native, id=51356, stack(0x0000000bd7c00000,0x0000000bd7d00000)]
  0x00000205cc79a000 JavaThread "rebel-change-detector-thread" daemon [_thread_blocked, id=52600, stack(0x0000000bd7b00000,0x0000000bd7c00000)]
  0x00000205cc79b800 JavaThread "rebel-debugger-thread" daemon [_thread_blocked, id=37772, stack(0x0000000bd7a00000,0x0000000bd7b00000)]
  0x00000205cc79e800 JavaThread "rebel-debugger-attach-notifier" daemon [_thread_blocked, id=9060, stack(0x0000000bd7400000,0x0000000bd7500000)]
  0x00000205cbad6000 JavaThread "rebel-heartbeat-thread" daemon [_thread_blocked, id=51536, stack(0x0000000bd7300000,0x0000000bd7400000)]
  0x00000205cbad4800 JavaThread "rebel-redeploy-thread" daemon [_thread_blocked, id=56244, stack(0x0000000bd7200000,0x0000000bd7300000)]
  0x00000205cbada800 JavaThread "rebel-leaseManager-1" daemon [_thread_blocked, id=49440, stack(0x0000000bd7000000,0x0000000bd7100000)]
  0x00000205cbada000 JavaThread "rebel-messaging-executor-38" daemon [_thread_blocked, id=41796, stack(0x0000000bd6f00000,0x0000000bd7000000)]
  0x00000205cbad3800 JavaThread "rebel-IDENotificationsImpl-PostCycle" daemon [_thread_blocked, id=57284, stack(0x0000000bd6e00000,0x0000000bd6f00000)]
  0x00000205cbad8800 JavaThread "rebel-weak-reaper" daemon [_thread_blocked, id=56296, stack(0x0000000bd6d00000,0x0000000bd6e00000)]
  0x00000205cbad5000 JavaThread "rebel-fsnotify-OutputReader" daemon [_thread_in_native, id=52924, stack(0x0000000bd7900000,0x0000000bd7a00000)]
  0x00000205cbad9000 JavaThread "rebel-fsnotify-OutputReader" daemon [_thread_blocked, id=36056, stack(0x0000000bd7800000,0x0000000bd7900000)]
  0x00000205cbad7800 JavaThread "rebel-fsnotify-ShutdownOnTermination" daemon [_thread_in_native, id=52324, stack(0x0000000bd7700000,0x0000000bd7800000)]
  0x00000205cbac8800 JavaThread "rebel-CacheKeepAlive" daemon [_thread_blocked, id=58232, stack(0x0000000bd7600000,0x0000000bd7700000)]
  0x00000205cb97f000 JavaThread "rebel-logger" daemon [_thread_blocked, id=51828, stack(0x0000000bd7500000,0x0000000bd7600000)]
  0x00000205cb1cf000 JavaThread "Attach Listener" daemon [_thread_blocked, id=51652, stack(0x0000000bd6c00000,0x0000000bd6d00000)]
  0x00000205cb1ce000 JavaThread "Signal Dispatcher" daemon [_thread_blocked, id=57700, stack(0x0000000bd6b00000,0x0000000bd6c00000)]
  0x00000205c921b000 JavaThread "Finalizer" daemon [_thread_blocked, id=52560, stack(0x0000000bd6a00000,0x0000000bd6b00000)]
  0x00000205c921a000 JavaThread "Reference Handler" daemon [_thread_blocked, id=35352, stack(0x0000000bd6900000,0x0000000bd6a00000)]

Other Threads:
=>0x00000205c93e8000 VMThread [stack: 0x0000000bd6800000,0x0000000bd6900000] [id=52228]
  0x00000205cf279800 WatcherThread [stack: 0x0000000bd9300000,0x0000000bd9400000] [id=53956]

VM state:at safepoint (normal execution)

VM Mutex/Monitor currently owned by a thread:  ([mutex/lock_event])
[0x00000205ae6e9db0] Threads_lock - owner thread: 0x00000205c93e8000

OutOfMemory and StackOverflow Exception counts:
OutOfMemoryError java_heap_errors=16

heap address: 0x00000006c1e00000, size: 4066 MB, Compressed Oops mode: Zero based, Oop shift amount: 3
Narrow klass base: 0x0000000000000000, Narrow klass shift: 3
Compressed class space size: 1073741824 Address: 0x00000007c0000000

Heap:
 PSYoungGen      total 611328K, used 145235K [0x000000076b500000, 0x0000000795c00000, 0x00000007c0000000)
  eden space 547840K, 16% used [0x000000076b500000,0x0000000770cb53b8,0x000000078cc00000)
  from space 63488K, 87% used [0x0000000791100000,0x000000079471f988,0x0000000794f00000)
  to   space 70656K, 0% used [0x000000078cc00000,0x000000078cc00000,0x0000000791100000)
 ParOldGen       total 441344K, used 92287K [0x00000006c1e00000, 0x00000006dcd00000, 0x000000076b500000)
  object space 441344K, 20% used [0x00000006c1e00000,0x00000006c781fe28,0x00000006dcd00000)
 Metaspace       used 94242K, capacity 98682K, committed 101288K, reserved 1138688K
  class space    used 11215K, capacity 11877K, committed 12464K, reserved 1048576K

Card table byte_map: [0x00000205bf480000,0x00000205bfc80000] byte_map_base: 0x00000205bbe71000

Marking Bits: (ParMarkBitMap*) 0x0000000070b53810
 Begin Bits: [0x00000205c01d0000, 0x00000205c4158000)
 End Bits:   [0x00000205c4158000, 0x00000205c80e0000)

Polling page: 0x00000205ae8e0000

CodeCache: size=245760Kb used=33196Kb max_used=33196Kb free=212563Kb
 bounds [0x00000205b00c0000, 0x00000205b2150000, 0x00000205bf0c0000]
 total_blobs=16346 nmethods=15694 adapters=564
 compilation: enabled

Compilation events (10 events):
Event: 5485.378 Thread 0x00000205cea5c000 nmethod 19749 0x00000205b214cf50 code [0x00000205b214d0a0, 0x00000205b214d1b8]
Event: 5485.378 Thread 0x00000205cea5c000 19750       1       ch.qos.logback.classic.pattern.ExtendedThrowableProxyConverter::extraData (10 bytes)
Event: 5485.378 Thread 0x00000205cea5c000 nmethod 19750 0x00000205b214d210 code [0x00000205b214d360, 0x00000205b214d490]
Event: 5485.378 Thread 0x00000205cea5c000 19751       1       ch.qos.logback.classic.spi.ThrowableProxyUtil::subjoinPackagingData (64 bytes)
Event: 5485.379 Thread 0x00000205cea5c000 nmethod 19751 0x00000205b214d510 code [0x00000205b214d6e0, 0x00000205b214d980]
Event: 5485.379 Thread 0x00000205cea5c000 19752       1       ch.qos.logback.classic.spi.StackTraceElementProxy::getClassPackagingData (38 bytes)
Event: 5485.380 Thread 0x00000205cea5c000 nmethod 19752 0x00000205b214dc10 code [0x00000205b214dda0, 0x00000205b214e090]
Event: 5485.380 Thread 0x00000205cea5c000 19753       1       ch.qos.logback.classic.spi.ClassPackagingData::isExact (41 bytes)
Event: 5485.380 Thread 0x00000205cea5c000 nmethod 19753 0x00000205b214e290 code [0x00000205b214e420, 0x00000205b214e740]
Event: 5485.380 Thread 0x00000205cea5c000 19754       1       ch.qos.logback.classic.spi.ClassPackagingData::_jr$ig$exact (16 bytes)

GC Heap History (10 events):
Event: 5459.179 GC heap before
{Heap before GC invocations=28 (full 4):
 PSYoungGen      total 409600K, used 7664K [0x000000076b500000, 0x000000078bf80000, 0x00000007c0000000)
  eden space 401920K, 0% used [0x000000076b500000,0x000000076b500000,0x0000000783d80000)
  from space 7680K, 99% used [0x000000078b800000,0x000000078bf7c070,0x000000078bf80000)
  to   space 44032K, 0% used [0x0000000786980000,0x0000000786980000,0x0000000789480000)
 ParOldGen       total 287232K, used 72777K [0x00000006c1e00000, 0x00000006d3680000, 0x000000076b500000)
  object space 287232K, 25% used [0x00000006c1e00000,0x00000006c65127c0,0x00000006d3680000)
 Metaspace       used 92630K, capacity 98508K, committed 98600K, reserved 1136640K
  class space    used 11423K, capacity 12244K, committed 12336K, reserved 1048576K
Event: 5459.862 GC heap after
Heap after GC invocations=28 (full 4):
 PSYoungGen      total 409600K, used 0K [0x000000076b500000, 0x000000078bf80000, 0x00000007c0000000)
  eden space 401920K, 0% used [0x000000076b500000,0x000000076b500000,0x0000000783d80000)
  from space 7680K, 0% used [0x000000078b800000,0x000000078b800000,0x000000078bf80000)
  to   space 44032K, 0% used [0x0000000786980000,0x0000000786980000,0x0000000789480000)
 ParOldGen       total 441344K, used 55774K [0x00000006c1e00000, 0x00000006dcd00000, 0x000000076b500000)
  object space 441344K, 12% used [0x00000006c1e00000,0x00000006c5477a30,0x00000006dcd00000)
 Metaspace       used 91322K, capacity 95400K, committed 98600K, reserved 1136640K
  class space    used 11044K, capacity 11674K, committed 12336K, reserved 1048576K
}
Event: 5472.159 GC heap before
{Heap before GC invocations=29 (full 4):
 PSYoungGen      total 409600K, used 401920K [0x000000076b500000, 0x000000078bf80000, 0x00000007c0000000)
  eden space 401920K, 100% used [0x000000076b500000,0x0000000783d80000,0x0000000783d80000)
  from space 7680K, 0% used [0x000000078b800000,0x000000078b800000,0x000000078bf80000)
  to   space 44032K, 0% used [0x0000000786980000,0x0000000786980000,0x0000000789480000)
 ParOldGen       total 441344K, used 55774K [0x00000006c1e00000, 0x00000006dcd00000, 0x000000076b500000)
  object space 441344K, 12% used [0x00000006c1e00000,0x00000006c5477a30,0x00000006dcd00000)
 Metaspace       used 93771K, capacity 98210K, committed 100904K, reserved 1138688K
  class space    used 11174K, capacity 11833K, committed 12336K, reserved 1048576K
Event: 5473.031 GC heap after
Heap after GC invocations=29 (full 4):
 PSYoungGen      total 491008K, used 30812K [0x000000076b500000, 0x000000078dc00000, 0x00000007c0000000)
  eden space 446976K, 0% used [0x000000076b500000,0x000000076b500000,0x0000000786980000)
  from space 44032K, 69% used [0x0000000786980000,0x00000007887971c8,0x0000000789480000)
  to   space 46080K, 0% used [0x000000078af00000,0x000000078af00000,0x000000078dc00000)
 ParOldGen       total 441344K, used 55782K [0x00000006c1e00000, 0x00000006dcd00000, 0x000000076b500000)
  object space 441344K, 12% used [0x00000006c1e00000,0x00000006c5479a30,0x00000006dcd00000)
 Metaspace       used 93771K, capacity 98210K, committed 100904K, reserved 1138688K
  class space    used 11174K, capacity 11833K, committed 12336K, reserved 1048576K
}
Event: 5478.429 GC heap before
{Heap before GC invocations=30 (full 4):
 PSYoungGen      total 491008K, used 477788K [0x000000076b500000, 0x000000078dc00000, 0x00000007c0000000)
  eden space 446976K, 100% used [0x000000076b500000,0x0000000786980000,0x0000000786980000)
  from space 44032K, 69% used [0x0000000786980000,0x00000007887971c8,0x0000000789480000)
  to   space 46080K, 0% used [0x000000078af00000,0x000000078af00000,0x000000078dc00000)
 ParOldGen       total 441344K, used 55782K [0x00000006c1e00000, 0x00000006dcd00000, 0x000000076b500000)
  object space 441344K, 12% used [0x00000006c1e00000,0x00000006c5479a30,0x00000006dcd00000)
 Metaspace       used 94040K, capacity 98412K, committed 101160K, reserved 1138688K
  class space    used 11174K, capacity 11834K, committed 12336K, reserved 1048576K
Event: 5478.579 GC heap after
Heap after GC invocations=30 (full 4):
 PSYoungGen      total 508416K, used 46072K [0x000000076b500000, 0x0000000792580000, 0x00000007c0000000)
  eden space 462336K, 0% used [0x000000076b500000,0x000000076b500000,0x0000000787880000)
  from space 46080K, 99% used [0x000000078af00000,0x000000078dbfe3c0,0x000000078dc00000)
  to   space 55808K, 0% used [0x0000000787880000,0x0000000787880000,0x000000078af00000)
 ParOldGen       total 441344K, used 62426K [0x00000006c1e00000, 0x00000006dcd00000, 0x000000076b500000)
  object space 441344K, 14% used [0x00000006c1e00000,0x00000006c5af6a80,0x00000006dcd00000)
 Metaspace       used 94040K, capacity 98412K, committed 101160K, reserved 1138688K
  class space    used 11174K, capacity 11834K, committed 12336K, reserved 1048576K
}
Event: 5481.650 GC heap before
{Heap before GC invocations=31 (full 4):
 PSYoungGen      total 508416K, used 508408K [0x000000076b500000, 0x0000000792580000, 0x00000007c0000000)
  eden space 462336K, 100% used [0x000000076b500000,0x0000000787880000,0x0000000787880000)
  from space 46080K, 99% used [0x000000078af00000,0x000000078dbfe3c0,0x000000078dc00000)
  to   space 55808K, 0% used [0x0000000787880000,0x0000000787880000,0x000000078af00000)
 ParOldGen       total 441344K, used 62426K [0x00000006c1e00000, 0x00000006dcd00000, 0x000000076b500000)
  object space 441344K, 14% used [0x00000006c1e00000,0x00000006c5af6a80,0x00000006dcd00000)
 Metaspace       used 94043K, capacity 98412K, committed 101160K, reserved 1138688K
  class space    used 11174K, capacity 11834K, committed 12336K, reserved 1048576K
Event: 5481.819 GC heap after
Heap after GC invocations=31 (full 4):
 PSYoungGen      total 518144K, used 52415K [0x000000076b500000, 0x0000000794f00000, 0x00000007c0000000)
  eden space 462336K, 0% used [0x000000076b500000,0x000000076b500000,0x0000000787880000)
  from space 55808K, 93% used [0x0000000787880000,0x000000078abaff80,0x000000078af00000)
  to   space 63488K, 0% used [0x0000000791100000,0x0000000791100000,0x0000000794f00000)
 ParOldGen       total 441344K, used 81230K [0x00000006c1e00000, 0x00000006dcd00000, 0x000000076b500000)
  object space 441344K, 18% used [0x00000006c1e00000,0x00000006c6d53918,0x00000006dcd00000)
 Metaspace       used 94043K, capacity 98412K, committed 101160K, reserved 1138688K
  class space    used 11174K, capacity 11834K, committed 12336K, reserved 1048576K
}
Event: 5484.902 GC heap before
{Heap before GC invocations=32 (full 4):
 PSYoungGen      total 518144K, used 514751K [0x000000076b500000, 0x0000000794f00000, 0x00000007c0000000)
  eden space 462336K, 100% used [0x000000076b500000,0x0000000787880000,0x0000000787880000)
  from space 55808K, 93% used [0x0000000787880000,0x000000078abaff80,0x000000078af00000)
  to   space 63488K, 0% used [0x0000000791100000,0x0000000791100000,0x0000000794f00000)
 ParOldGen       total 441344K, used 81230K [0x00000006c1e00000, 0x00000006dcd00000, 0x000000076b500000)
  object space 441344K, 18% used [0x00000006c1e00000,0x00000006c6d53918,0x00000006dcd00000)
 Metaspace       used 94043K, capacity 98412K, committed 101160K, reserved 1138688K
  class space    used 11174K, capacity 11834K, committed 12336K, reserved 1048576K
Event: 5484.983 GC heap after
Heap after GC invocations=32 (full 4):
 PSYoungGen      total 611328K, used 55422K [0x000000076b500000, 0x0000000795c00000, 0x00000007c0000000)
  eden space 547840K, 0% used [0x000000076b500000,0x000000076b500000,0x000000078cc00000)
  from space 63488K, 87% used [0x0000000791100000,0x000000079471f988,0x0000000794f00000)
  to   space 70656K, 0% used [0x000000078cc00000,0x000000078cc00000,0x0000000791100000)
 ParOldGen       total 441344K, used 92287K [0x00000006c1e00000, 0x00000006dcd00000, 0x000000076b500000)
  object space 441344K, 20% used [0x00000006c1e00000,0x00000006c781fe28,0x00000006dcd00000)
 Metaspace       used 94043K, capacity 98412K, committed 101160K, reserved 1138688K
  class space    used 11174K, capacity 11834K, committed 12336K, reserved 1048576K
}

Deoptimization events (0 events):
No events

Classes redefined (10 events):
Event: 245.079 Thread 0x00000205c93e8000 redefined class name=com.zeroturnaround.jrebelbase.facade.g, count=2
Event: 245.111 Thread 0x00000205c93e8000 redefined class name=com.zeroturnaround.jrebelbase.facade.ac, count=2
Event: 245.239 Thread 0x00000205c93e8000 redefined class name=org.springframework.beans.factory.BeanFactoryAware, count=1
Event: 245.259 Thread 0x00000205c93e8000 redefined class name=com.gateway.config.CrosConfig$$FastClassBySpringCGLIB$$1, count=2
Event: 245.282 Thread 0x00000205c93e8000 redefined class name=org.springframework.beans.factory.Aware, count=1
Event: 245.303 Thread 0x00000205c93e8000 redefined class name=org.springframework.context.annotation.ConfigurationClassEnhancer$EnhancedConfiguration, count=1
Event: 245.326 Thread 0x00000205c93e8000 redefined class name=com.gateway.config.CrosConfig$$EnhancerBySpringCGLIB$$1, count=2
Event: 245.350 Thread 0x00000205c93e8000 redefined class name=com.gateway.config.CrosConfig$$EnhancerBySpringCGLIB$$1$$FastClassBySpringCGLIB$$1, count=2
Event: 245.371 Thread 0x00000205c93e8000 redefined class name=com.gateway.config.CrosConfig, count=2
Event: 245.396 Thread 0x00000205c93e8000 redefined class name=org.springframework.cglib.reflect.FastClass, count=2

Internal exceptions (10 events):
Event: 5485.291 Thread 0x00000205d5bdc000 Exception <a 'java/lang/NullPointerException'> (0x000000076f7dcc18) thrown at [C:\wsjdk\Corretto8Src\installers\windows\zip\corretto-build\buildRoot\hotspot\src\share\vm\runtime\sharedRuntime.cpp, line 610]
Event: 5485.291 Thread 0x00000205d5bdc000 Implicit null exception at 0x00000205b03247d9 to 0x00000205b0325109
Event: 5485.291 Thread 0x00000205d5bdc000 Exception <a 'java/lang/NullPointerException'> (0x000000076f7de348) thrown at [C:\wsjdk\Corretto8Src\installers\windows\zip\corretto-build\buildRoot\hotspot\src\share\vm\runtime\sharedRuntime.cpp, line 610]
Event: 5485.292 Thread 0x00000205d5bdc000 Implicit null exception at 0x00000205b03247d9 to 0x00000205b0325109
Event: 5485.292 Thread 0x00000205d5bdc000 Exception <a 'java/lang/NullPointerException'> (0x000000076f7dfa78) thrown at [C:\wsjdk\Corretto8Src\installers\windows\zip\corretto-build\buildRoot\hotspot\src\share\vm\runtime\sharedRuntime.cpp, line 610]
Event: 5485.292 Thread 0x00000205d5bdc000 Implicit null exception at 0x00000205b03247d9 to 0x00000205b0325109
Event: 5485.292 Thread 0x00000205d5bdc000 Exception <a 'java/lang/NullPointerException'> (0x000000076f7e11a8) thrown at [C:\wsjdk\Corretto8Src\installers\windows\zip\corretto-build\buildRoot\hotspot\src\share\vm\runtime\sharedRuntime.cpp, line 610]
Event: 5485.358 Thread 0x00000205d5bdc000 Exception <a 'java/lang/OutOfMemoryError'> (0x00000007705bfe70) thrown at [C:\wsjdk\Corretto8Src\installers\windows\zip\corretto-build\buildRoot\hotspot\src\share\vm\prims\jni.cpp, line 736]
Event: 5485.374 Thread 0x00000205d5be1800 Exception <a 'java/lang/OutOfMemoryError'> (0x0000000770898de8) thrown at [C:\wsjdk\Corretto8Src\installers\windows\zip\corretto-build\buildRoot\hotspot\src\share\vm\prims\jni.cpp, line 736]
Event: 5485.375 Thread 0x00000205d5bdc000 Exception <a 'java/lang/OutOfMemoryError'> (0x00000007706dfa98) thrown at [C:\wsjdk\Corretto8Src\installers\windows\zip\corretto-build\buildRoot\hotspot\src\share\vm\prims\jni.cpp, line 736]

Events (10 events):
Event: 5485.290 loading class com/zeroturnaround/xrebel/bundled/com/google/common/cache/RemovalCause$1 done
Event: 5485.290 loading class com/zeroturnaround/xrebel/bundled/com/google/common/cache/RemovalCause$2
Event: 5485.291 loading class com/zeroturnaround/xrebel/bundled/com/google/common/cache/RemovalCause$2 done
Event: 5485.291 loading class com/zeroturnaround/xrebel/bundled/com/google/common/cache/RemovalCause$3
Event: 5485.291 loading class com/zeroturnaround/xrebel/bundled/com/google/common/cache/RemovalCause$3 done
Event: 5485.292 loading class com/zeroturnaround/xrebel/bundled/com/google/common/cache/RemovalCause$4
Event: 5485.292 loading class com/zeroturnaround/xrebel/bundled/com/google/common/cache/RemovalCause$4 done
Event: 5485.292 loading class com/zeroturnaround/xrebel/bundled/com/google/common/cache/RemovalCause$5
Event: 5485.292 loading class com/zeroturnaround/xrebel/bundled/com/google/common/cache/RemovalCause$5 done
Event: 5485.382 Executing VM operation: BulkRevokeBias


Dynamic libraries:
0x00007ff711a00000 - 0x00007ff711a46000 	C:\Users\26449\.jdks\corretto-1.8.0_392\bin\java.exe
0x00007ff936890000 - 0x00007ff936aa7000 	C:\WINDOWS\SYSTEM32\ntdll.dll
0x00007ff935310000 - 0x00007ff9353d4000 	C:\WINDOWS\System32\KERNEL32.DLL
0x00007ff933c00000 - 0x00007ff933fa5000 	C:\WINDOWS\System32\KERNELBASE.dll
0x00007ff9363f0000 - 0x00007ff9364a1000 	C:\WINDOWS\System32\ADVAPI32.dll
0x00007ff9361f0000 - 0x00007ff936297000 	C:\WINDOWS\System32\msvcrt.dll
0x00007ff9362a0000 - 0x00007ff936346000 	C:\WINDOWS\System32\sechost.dll
0x00007ff934bf0000 - 0x00007ff934d07000 	C:\WINDOWS\System32\RPCRT4.dll
0x00007ff934d30000 - 0x00007ff934ede000 	C:\WINDOWS\System32\USER32.dll
0x00007ff934140000 - 0x00007ff934166000 	C:\WINDOWS\System32\win32u.dll
0x00007ff9346e0000 - 0x00007ff934709000 	C:\WINDOWS\System32\GDI32.dll
0x00007ff934020000 - 0x00007ff934139000 	C:\WINDOWS\System32\gdi32full.dll
0x00007ff934540000 - 0x00007ff9345da000 	C:\WINDOWS\System32\msvcp_win.dll
0x00007ff934170000 - 0x00007ff934281000 	C:\WINDOWS\System32\ucrtbase.dll
0x00007ff922780000 - 0x00007ff922a13000 	C:\WINDOWS\WinSxS\amd64_microsoft.windows.common-controls_6595b64144ccf1df_6.0.22621.2506_none_270c5ae97388e100\COMCTL32.dll
0x00007ff9363b0000 - 0x00007ff9363e1000 	C:\WINDOWS\System32\IMM32.DLL
0x00007ff8fd9d0000 - 0x00007ff8fd9e5000 	C:\Users\26449\.jdks\corretto-1.8.0_392\jre\bin\vcruntime140.dll
0x00007ff8d22f0000 - 0x00007ff8d238b000 	C:\Users\26449\.jdks\corretto-1.8.0_392\jre\bin\msvcp140.dll
0x0000000070370000 - 0x0000000070bcd000 	C:\Users\26449\.jdks\corretto-1.8.0_392\jre\bin\server\jvm.dll
0x00007ff9360f0000 - 0x00007ff9360f8000 	C:\WINDOWS\System32\PSAPI.DLL
0x00007ff923cd0000 - 0x00007ff923cd9000 	C:\WINDOWS\SYSTEM32\WSOCK32.dll
0x00007ff92cdc0000 - 0x00007ff92cdf4000 	C:\WINDOWS\SYSTEM32\WINMM.dll
0x00007ff924a60000 - 0x00007ff924a6a000 	C:\WINDOWS\SYSTEM32\VERSION.dll
0x00007ff934f00000 - 0x00007ff934f71000 	C:\WINDOWS\System32\WS2_32.dll
0x00007ff932c50000 - 0x00007ff932c68000 	C:\WINDOWS\SYSTEM32\kernel.appcore.dll
0x00007ff92a280000 - 0x00007ff92a290000 	C:\Users\26449\.jdks\corretto-1.8.0_392\jre\bin\verify.dll
0x00007ff8d43d0000 - 0x00007ff8d43fb000 	C:\Users\26449\.jdks\corretto-1.8.0_392\jre\bin\java.dll
0x00007ff8fffd0000 - 0x00007ff900002000 	C:\Users\26449\.jdks\corretto-1.8.0_392\jre\bin\instrument.dll
0x00007ff8f0170000 - 0x00007ff8f01be000 	C:\Users\26449\AppData\Roaming\JetBrains\IntelliJIdea2023.2\plugins\jr-ide-idea\lib\jrebel6\lib\jrebel64.dll
0x00007ff9356f0000 - 0x00007ff935f49000 	C:\WINDOWS\System32\SHELL32.dll
0x00007ff935430000 - 0x00007ff935523000 	C:\WINDOWS\System32\shcore.dll
0x00007ff8fd950000 - 0x00007ff8fd968000 	C:\Users\26449\.jdks\corretto-1.8.0_392\jre\bin\zip.dll
0x00007ff931ae0000 - 0x00007ff9323d4000 	C:\WINDOWS\SYSTEM32\windows.storage.dll
0x00007ff9364c0000 - 0x00007ff936849000 	C:\WINDOWS\System32\combase.dll
0x00007ff9319a0000 - 0x00007ff931ade000 	C:\WINDOWS\SYSTEM32\wintypes.dll
0x00007ff934710000 - 0x00007ff93476e000 	C:\WINDOWS\System32\shlwapi.dll
0x00007ff933b30000 - 0x00007ff933b56000 	C:\WINDOWS\SYSTEM32\profapi.dll
0x00007ff8d4000000 - 0x00007ff8d401c000 	C:\Users\26449\.jdks\corretto-1.8.0_392\jre\bin\net.dll
0x00007ff933130000 - 0x00007ff933199000 	C:\WINDOWS\system32\mswsock.dll
0x00007ff90d600000 - 0x00007ff90d613000 	C:\Users\26449\.jdks\corretto-1.8.0_392\jre\bin\nio.dll
0x00007ff8fd9a0000 - 0x00007ff8fd9c4000 	C:\Users\26449\.jdks\corretto-1.8.0_392\jre\bin\sunec.dll
0x00007ff90fa90000 - 0x00007ff90fa9d000 	C:\Users\26449\.jdks\corretto-1.8.0_392\jre\bin\management.dll
0x00007ff90d5f0000 - 0x00007ff90d5fd000 	C:\Users\26449\.jdks\corretto-1.8.0_392\jre\bin\sunmscapi.dll
0x00007ff934290000 - 0x00007ff9343f6000 	C:\WINDOWS\System32\CRYPT32.dll
0x00007ff933580000 - 0x00007ff9335ad000 	C:\WINDOWS\SYSTEM32\ncrypt.dll
0x00007ff933540000 - 0x00007ff933577000 	C:\WINDOWS\SYSTEM32\NTASN1.dll
0x00007ff8fd9f0000 - 0x00007ff8fda0b000 	C:\Users\26449\.jrebel\jrebel-temp\ver-4f7196ff\IdeaWin64.dll
0x00007ff9333a0000 - 0x00007ff9333bb000 	C:\WINDOWS\SYSTEM32\CRYPTSP.dll
0x00007ff932c10000 - 0x00007ff932c45000 	C:\WINDOWS\system32\rsaenh.dll
0x00007ff933210000 - 0x00007ff93323c000 	C:\WINDOWS\SYSTEM32\USERENV.dll
0x00007ff9335b0000 - 0x00007ff9335d8000 	C:\WINDOWS\SYSTEM32\bcrypt.dll
0x00007ff934400000 - 0x00007ff93447a000 	C:\WINDOWS\System32\bcryptprimitives.dll
0x00007ff9333c0000 - 0x00007ff9333cc000 	C:\WINDOWS\SYSTEM32\CRYPTBASE.dll
0x00007ff9326b0000 - 0x00007ff9326dd000 	C:\WINDOWS\SYSTEM32\IPHLPAPI.DLL
0x00007ff9361e0000 - 0x00007ff9361e9000 	C:\WINDOWS\System32\NSI.dll
0x00007ff92beb0000 - 0x00007ff92bec9000 	C:\WINDOWS\SYSTEM32\dhcpcsvc6.DLL
0x00007ff92bc20000 - 0x00007ff92bc3f000 	C:\WINDOWS\SYSTEM32\dhcpcsvc.DLL
0x00007ff932720000 - 0x00007ff932819000 	C:\WINDOWS\SYSTEM32\DNSAPI.dll
0x00007ff92b2d0000 - 0x00007ff92b2da000 	C:\Windows\System32\rasadhlp.dll
0x00007ff92a440000 - 0x00007ff92a4c3000 	C:\WINDOWS\System32\fwpuclnt.dll
0x00007ff8d4410000 - 0x00007ff8d442a000 	D:\IntelliJ IDEA 2023.1.1\bin\breakgen64.dll
0x00007ff91ca80000 - 0x00007ff91ca97000 	C:\WINDOWS\system32\napinsp.dll
0x00007ff91ca60000 - 0x00007ff91ca7b000 	C:\WINDOWS\system32\pnrpnsp.dll
0x00007ff91ca40000 - 0x00007ff91ca51000 	C:\WINDOWS\System32\winrnr.dll
0x00007ff92bc40000 - 0x00007ff92bc55000 	C:\WINDOWS\system32\wshbth.dll
0x00007ff91c950000 - 0x00007ff91c971000 	C:\WINDOWS\system32\nlansp_c.dll

VM Arguments:
jvm_args: -Drebel.base=C:\Users\26449\.jrebel -Drebel.env.ide.plugin.version=2023.4.1 -Drebel.env.ide.version=2023.2.5 -Drebel.env.ide.product=IU -Drebel.env.ide=intellij -Drebel.notification.url=http://localhost:17434 -javaagent:C:\Users\26449\AppData\Roaming\JetBrains\IntelliJIdea2023.2\plugins\jr-ide-idea\lib\xrebel\xrebel.jar -agentpath:C:\Users\26449\AppData\Roaming\JetBrains\IntelliJIdea2023.2\plugins\jr-ide-idea\lib\jrebel6\lib\jrebel64.dll -Dvisualvm.id=514536905365900 -Dvisualvm.id=514536905124100 -XX:TieredStopAtLevel=1 -Xverify:none -Dspring.output.ansi.enabled=always -Dcom.sun.management.jmxremote -Dspring.jmx.enabled=true -Dspring.liveBeansView.mbeanDomain -Dspring.application.admin.enabled=true -Dmanagement.endpoints.jmx.exposure.include=* -javaagent:D:\IntelliJ IDEA 2023.1.1\lib\idea_rt.jar=56911:D:\IntelliJ IDEA 2023.1.1\bin -Dfile.encoding=UTF-8 
java_command: com.gateway.GulimallGatewayApplication
java_class_path (initial): C:\Users\26449\.jdks\corretto-1.8.0_392\jre\lib\charsets.jar;C:\Users\26449\.jdks\corretto-1.8.0_392\jre\lib\ext\access-bridge-64.jar;C:\Users\26449\.jdks\corretto-1.8.0_392\jre\lib\ext\cldrdata.jar;C:\Users\26449\.jdks\corretto-1.8.0_392\jre\lib\ext\dnsns.jar;C:\Users\26449\.jdks\corretto-1.8.0_392\jre\lib\ext\jaccess.jar;C:\Users\26449\.jdks\corretto-1.8.0_392\jre\lib\ext\jfxrt.jar;C:\Users\26449\.jdks\corretto-1.8.0_392\jre\lib\ext\localedata.jar;C:\Users\26449\.jdks\corretto-1.8.0_392\jre\lib\ext\nashorn.jar;C:\Users\26449\.jdks\corretto-1.8.0_392\jre\lib\ext\sunec.jar;C:\Users\26449\.jdks\corretto-1.8.0_392\jre\lib\ext\sunjce_provider.jar;C:\Users\26449\.jdks\corretto-1.8.0_392\jre\lib\ext\sunmscapi.jar;C:\Users\26449\.jdks\corretto-1.8.0_392\jre\lib\ext\sunpkcs11.jar;C:\Users\26449\.jdks\corretto-1.8.0_392\jre\lib\ext\zipfs.jar;C:\Users\26449\.jdks\corretto-1.8.0_392\jre\lib\jce.jar;C:\Users\26449\.jdks\corretto-1.8.0_392\jre\lib\jfr.jar;C:\Users\26449\.jdks\corretto-1.8.0_392\jre\lib\jfxswt.jar;C:\Users\26449\.jdks\corretto-1.8.0_392\jre\lib\jsse.jar;C:\Users\26449\.jdks\corretto-1.8.0_392\jre\lib\management-agent.jar;C:\Users\26449\.jdks\corretto-1.8.0_392\jre\lib\resources.jar;C:\Users\26449\.jdks\corretto-1.8.0_392\jre\lib\rt.jar;C:\Users\26449\IdeaProjects\gulimall\gulimall-gateway\target\classes;C:\Users\26449\.m2\repository\org\springframework\cloud\spring-cloud-starter-gateway\3.1.8\spring-cloud-starter-gateway-3.1.8.jar;C:\Users\26449\.m2\repository\org\springframework\cloud\spring-cloud-starter\3.1.7\spring-cloud-starter-3.1.7.jar;C:\Users\26449\.m2\repository\org\springframework\cloud\spring-cloud-context\3.1.7\spring-cloud-context-3.1.7.jar;C:\Users\26449\.m2\repository\org\springframework\security\spring-security-crypto\5.7.9\spring-security-crypto-5.7.9.jar;C:\Users\26449\.m2\repository\org\springframework\cloud\spring-cloud-commons\3.1.7\spring-cloud-commons-3.1.7.jar;C:\Users\26449\.m2\repository\org\springframework
Launcher Type: SUN_STANDARD

Environment Variables:
PATH=D:\VMware Workstation\bin\;C:\Program Files (x86)\Common Files\Oracle\Java\javapath;C:\Program Files\Java\jdk-17\bin;C:\WINDOWS\system32;C:\WINDOWS;C:\WINDOWS\System32\Wbem;C:\WINDOWS\System32\WindowsPowerShell\v1.0\;C:\WINDOWS\System32\OpenSSH\;D:\Xftp7\;D:\Xshell\;C:\Program Files\Git\cmd;D:\nodejs\;C:\Users\26449\.windows-build-tools\python27\;C:\Users\26449\AppData\Local\Microsoft\WindowsApps;;D:\IntelliJ IDEA 2023.1.1\bin;;D:\Microsoft VS Code\bin;C:\Users\26449\AppData\Roaming\npm
USERNAME=123
OS=Windows_NT
PROCESSOR_IDENTIFIER=Intel64 Family 6 Model 142 Stepping 10, GenuineIntel



---------------  S Y S T E M  ---------------

OS: Windows 11 , 64 bit Build 22621 (10.0.22621.2506)

CPU:total 8 (initial active 8) (4 cores per cpu, 2 threads per core) family 6 model 142 stepping 10, cmov, cx8, fxsr, mmx, sse, sse2, sse3, ssse3, sse4.1, sse4.2, popcnt, avx, avx2, aes, clmul, erms, 3dnowpref, lzcnt, ht, tsc, tscinvbit, bmi1, bmi2, adx

Memory: 4k page, physical 16651660k(1547028k free), swap 29533996k(0k free)

vm_info: OpenJDK 64-Bit Server VM (25.392-b08) for windows-amd64 JRE (1.8.0_392-b08), built on Oct 16 2023 22:02:46 by "Administrator" with MS VC++ 15.9 (VS2017)

time: Fri Nov 24 20:56:49 2023
timezone: Intel64 Family 6 Model 142 Stepping 10, GenuineIntel
elapsed time: 5485.435335 seconds (0d 1h 31m 25s)

